5
42
70
85
63
81
100
0 69
0 23
1 91
0 67
75 91
0 28
0 75
0 76
0 5
0 84
0 87
0 45
0 38
0 53
0 43
0 60
0 12
0 8
0 26
0 55
0 3
0 61
0 50
41 91
57 91
32 91
36 91
0 17
0 80
33 91
40 91
0 19
0 57
0 34
18 91
0 20
64 91
0 37
0 88
16 91
0 40
0 73
11 91
50 91
0 49
0 91
0 89
39 91
28 91
83 91
88 91
90 91
30 91
0 65
0 46
0 56
19 91
0 4
0 72
0 9
9 91
31 91
89 91
21 91
48 91
8 91
0 47
0 31
7 91
34 91
0 11
26 91
0 2
82 91
56 91
0 90
0 27
67 91
0 35
0 13
37 91
0 22
15 91
0 48
86 91
77 91
0 79
0 62
0 71
0 54
0 44
14 91
43 91
0 50
0 32
17 91
74 91
0 86
90 26
62 20
