5
77
74
87
89
9
100
42 97
32 97
18 97
23 97
2 97
69 97
87 97
59 97
14 97
24 97
38 97
9 97
30 97
45 97
90 97
56 97
36 97
3 97
47 97
62 97
76 97
81 97
5 97
16 97
4 97
61 97
25 97
58 97
86 97
49 97
37 71
82 71
32 71
31 71
4 71
44 71
73 71
49 71
67 71
66 71
13 71
26 71
0 71
55 71
42 71
93 71
81 71
90 71
68 71
62 71
3 71
85 71
17 71
43 71
38 72
83 72
74 72
90 72
47 72
66 72
49 72
27 72
64 72
10 72
44 72
85 72
84 72
15 72
17 72
16 72
89 72
75 72
94 72
20 72
86 72
3 72
79 72
93 72
95 50
15 50
57 50
65 50
67 50
13 50
70 50
9 50
26 50
79 50
58 50
51 50
21 50
55 50
85 50
32 50
4 50
28 50
48 50
34 50
83 50
68 50
