5
29
92
82
77
22
100
63 99
17 99
68 99
6 99
3 99
34 99
43 99
11 99
2 99
46 99
12 99
56 99
93 99
10 99
97 99
58 99
52 99
95 99
72 99
64 99
96 99
42 99
23 99
69 99
92 99
13 99
36 99
54 99
5 99
31 99
41 99
71 99
80 99
15 99
37 99
59 99
98 99
90 99
14 99
28 99
22 99
82 99
8 99
29 99
19 99
4 99
73 99
18 99
86 99
9 99
7 99
76 99
83 99
40 99
94 99
25 99
60 99
67 99
47 99
24 99
78 99
35 99
55 99
50 99
57 99
51 99
70 99
32 99
39 99
27 99
33 99
88 99
79 99
0 99
62 99
65 99
87 99
21 99
75 99
20 99
44 99
81 99
61 99
1 99
48 99
74 99
45 99
85 99
22 66
60 66
30 66
39 66
24 66
43 66
16 66
58 66
74 66
45 66
78 66
25 66
