5
28
50
23
39
19
100
37 82
54 82
60 82
15 82
52 82
62 82
72 82
18 82
73 82
17 82
4 82
35 82
14 82
70 82
26 82
2 82
51 82
71 82
53 82
77 82
44 82
42 82
63 82
6 82
64 82
13 82
67 82
33 82
57 82
37 9
31 9
35 9
61 9
26 9
66 9
49 9
34 9
62 9
6 9
45 9
53 9
48 9
72 9
43 9
36 9
71 58
59 58
26 58
56 58
77 58
80 58
36 58
60 58
34 58
53 58
72 58
35 58
12 58
46 58
20 58
2 58
44 58
55 58
67 58
33 58
10 58
16 58
43 58
29 58
11 15
48 15
0 15
71 15
17 15
70 15
1 15
3 15
4 15
14 15
33 15
24 15
47 15
78 15
37 15
32 15
36 15
56 15
52 15
53 15
41 15
11 35
0 72
64 35
38 35
35 81
69 35
45 35
13 42
38 56
51 35
