5
42
82
84
39
50
100
20 99
19 99
62 99
33 99
49 35
90 35
61 35
19 35
30 35
24 91
92 91
79 91
58 91
57 91
32 91
98 91
62 91
65 6
77 6
3 6
63 6
56 6
59 97
41 97
2 97
14 97
41 16
77 16
72 16
87 16
13 16
60 85
74 85
40 85
37 85
22 85
10 25
76 25
90 25
94 25
32 25
67 25
79 25
37 48
78 48
95 88
47 88
49 88
87 88
44 88
66 88
69 88
61 88
13 73
5 73
21 73
41 73
87 73
22 73
53 33
36 33
92 33
69 33
61 33
76 3
64 3
96 3
62 3
98 3
49 72
61 72
51 62
13 62
11 8
14 8
87 8
47 8
66 8
71 41
5 41
38 41
78 41
59 30
2 30
43 30
18 95
68 95
55 95
63 95
93 95
18 0
65 0
9 0
21 28
32 28
53 28
70 47
60 66
60 38
21 78
