5
25
31
81
82
8
100
0 54
93 99
77 99
76 99
0 56
0 22
90 99
70 99
27 99
0 96
17 99
14 99
6 99
0 1
53 99
56 99
38 66
11 99
98 99
51 99
28 99
79 99
30 99
69 2
39 99
92 99
13 99
9 99
36 99
38 99
0 99
0 71
0 28
0 98
59 99
0 80
71 99
0 57
1 99
0 68
0 37
0 6
0 55
33 99
0 86
85 99
0 5
23 99
0 75
0 9
86 99
0 11
54 99
19 99
0 94
0 20
0 49
48 99
0 72
22 99
7 99
87 99
0 78
0 77
0 76
0 51
68 99
69 99
0 41
0 58
0 2
40 99
0 17
24 99
20 99
78 99
84 99
0 12
0 89
0 96
0 24
32 99
10 99
3 99
64 99
0 48
0 60
80 99
79 99
26 99
94 99
49 99
0 59
55 99
0 18
0 32
43 99
97 99
0 88
21 99
