5
36
53
17
34
77
100
28 93
62 93
32 93
0 49
35 93
61 93
8 93
47 93
75 93
70 93
55 93
76 93
24 93
20 93
40 93
45 93
14 93
90 93
84 93
87 93
9 93
5 93
74 93
60 93
37 93
59 93
22 93
0 23
0 60
0 3
0 8
50 93
0 41
0 52
23 93
82 93
51 93
0 16
78 93
0 58
80 93
39 93
31 93
0 20
0 40
21 93
18 93
52 93
0 79
68 93
73 93
15 93
0 67
85 93
0 22
0 73
0 33
27 93
79 93
43 93
92 93
48 93
0 61
0 38
0 32
0 6
16 93
0 83
81 93
0 14
0 10
0 72
10 93
0 93
0 64
88 93
0 86
0 55
57 93
30 93
91 93
41 93
46 93
0 51
0 25
87 93
38 93
0 92
71 93
0 46
0 89
4 93
63 93
0 48
0 44
0 19
0 66
69 93
0 63
11 93
