5
4
3
2
53
52
100
17 54
40 54
34 54
19 54
20 54
26 54
33 54
25 54
14 54
29 54
38 54
35 54
18 54
6 54
10 54
46 54
11 54
22 54
8 54
5 54
44 54
43 54
27 54
32 54
21 54
47 54
23 54
45 54
42 54
51 54
1 54
50 54
15 54
16 54
12 54
48 54
30 54
36 54
21 49
40 49
43 49
10 49
33 49
1 49
48 49
23 49
50 49
16 49
22 49
47 49
24 49
29 49
27 49
41 49
11 49
26 49
12 49
44 49
6 49
30 49
45 49
9 49
32 49
20 49
0 49
35 49
42 49
34 49
51 49
8 49
38 49
47 37
43 37
32 37
34 37
36 37
28 37
8 37
26 37
7 37
11 37
31 37
18 37
38 37
48 37
40 37
5 37
21 37
51 37
40 0
44 0
37 19
37 23
21 41
10 0
47 0
20 16
13 25
35 13
0 21
