5
7
94
13
58
39
100
0 40
80 95
53 95
0 52
0 55
29 95
0 71
0 49
45 95
88 95
28 95
52 95
26 95
66 95
0 5
72 95
35 95
87 95
41 95
0 79
0 70
73 95
83 95
78 95
14 95
86 95
34 95
0 3
66 82
56 95
84 95
0 32
9 95
20 95
0 28
0 42
0 45
22 95
92 95
30 95
0 30
18 95
0 41
79 95
19 95
0 16
0 23
0 75
0 12
0 43
0 6
32 95
74 95
48 95
0 26
77 95
62 95
2 95
0 25
0 48
37 95
0 66
0 81
0 35
0 36
0 17
63 95
44 95
42 95
50 95
0 37
0 68
0 1
0 95
72 95
59 95
0 38
15 95
0 69
4 95
61 95
0 51
0 8
5 95
33 95
0 18
31 95
0 73
0 29
0 89
38 95
0 24
0 15
0 63
0 21
8 95
10 95
0 31
47 95
0 67
