4
75
42
67
5
87
55 92
55 68
55 56
55 57
55 71
55 66
0 4
55 98
97 99
0 1
98 99
55 95
95 99
0 2
3 55
55 62
55 59
96 99
55 70
6 55
97 94
46 55
11 55
55 96
79 94
3 1
70 94
33 55
3 30
21 55
91 94
19 55
55 73
49 55
55 83
55 81
3 33
3 9
3 54
3 35
22 55
15 55
54 55
69 94
55 85
3 16
55 97
3 41
3 48
55 61
55 88
55 64
55 78
55 94
3 34
30 55
68 94
72 94
1 55
61 94
84 94
50 55
40 55
86 94
55 77
14 55
3 7
89 94
34 55
55 58
35 55
3 10
55 72
55 68
94 76
69 57
23 48
76 64
70 62
21 2
48 35
94 62
34 15
79 90
59 66
76 86
73 97
