5
42
62
60
10
52
101
0 22
0 3
0 18
0 44
0 25
0 7
0 61
0 54
0 17
0 19
0 47
0 8
35 74
0 40
0 39
0 50
0 71
0 57
0 11
36 16
0 69
0 14
0 53
0 12
0 13
0 6
0 4
0 74
51 74
0 24
14 74
37 74
0 46
57 74
0 49
0 66
73 74
20 74
0 67
25 74
0 9
0 16
39 74
24 74
18 74
0 33
0 20
66 74
32 74
34 74
0 1
0 64
0 48
49 74
0 28
9 74
50 74
0 58
0 27
64 74
43 74
0 70
48 74
41 74
58 74
8 74
0 32
0 63
0 30
12 74
0 56
71 74
0 38
44 74
0 22
0 73
0 31
4 74
0 72
17 74
40 74
0 65
0 15
0 59
54 74
56 74
1 74
47 74
0 45
0 51
0 34
15 74
0 43
0 55
0 37
33 74
0 5
31 74
0 69
0 23
0 29
