5
98
97
96
95
94
100
42 99
80 99
49 99
97 99
85 99
50 99
71 99
78 99
67 99
1 99
41 99
2 99
25 99
5 99
38 99
36 99
23 99
75 99
87 99
56 99
13 99
76 99
61 99
66 99
90 99
43 99
93 99
79 99
57 99
15 99
77 99
92 99
52 99
24 99
58 99
14 99
35 99
89 99
45 99
82 99
6 99
22 99
32 99
59 99
47 99
17 99
37 99
98 99
51 99
20 99
96 99
86 99
21 99
74 99
95 99
34 99
9 99
29 99
40 99
62 99
27 99
18 99
83 99
28 99
16 99
94 99
88 99
54 99
33 99
4 99
60 99
65 99
30 99
84 99
19 99
91 99
63 99
70 99
68 99
46 99
72 99
11 99
48 99
31 99
26 99
8 99
55 99
39 99
0 99
81 99
10 99
12 99
73 99
64 99
3 99
7 99
44 99
53 99
56 69
8 69
