5
53
24
34
11
86
100
73 98
1 98
89 98
0 4
36 98
40 98
88 98
55 98
69 98
32 98
44 98
42 98
97 98
51 98
2 98
70 98
80 98
45 98
12 98
13 98
39 98
47 98
66 98
19 98
57 98
31 98
87 64
67 98
0 64
27 4
90 4
68 64
29 64
32 64
26 98
84 98
23 98
72 98
14 98
59 98
91 98
96 98
21 98
92 98
90 98
5 98
48 98
9 98
71 98
4 98
95 98
56 98
60 98
6 98
65 98
77 98
15 98
38 98
18 98
33 98
68 98
10 98
58 98
85 98
28 98
7 98
27 98
35 98
74 98
61 98
29 98
50 98
54 98
8 98
83 98
46 98
75 98
82 98
87 98
22 98
17 98
93 98
81 98
94 98
3 98
26 98
20 98
30 98
49 98
16 98
78 98
37 98
63 98
41 98
76 98
43 98
79 98
25 98
52 98
62 98
