5
17
76
60
81
20
100
21 98
10 98
2 98
47 98
71 98
12 98
26 98
3 98
22 98
45 98
57 98
29 98
97 98
82 98
92 98
53 98
39 98
63 98
59 98
31 98
4 98
11 98
89 98
58 98
36 98
54 98
50 98
69 98
19 98
13 98
65 98
56 44
45 44
16 44
31 44
52 44
68 44
5 44
64 44
2 44
47 44
87 44
3 44
66 44
82 44
63 44
29 44
9 44
86 44
40 44
35 44
23 51
49 51
37 51
91 51
16 51
14 51
46 51
40 51
41 51
6 51
30 51
48 51
18 51
21 51
53 51
96 51
29 51
80 51
74 51
94 51
32 51
82 51
22 51
1 51
19 51
62 33
49 33
7 33
16 33
12 33
87 33
96 33
64 33
24 33
14 33
82 33
18 33
54 33
48 33
95 33
8 0
19 33
5 33
69 33
37 35
5 31
13 88
91 96
46 35
