5
97
96
93
92
91
100
0 99
75 99
51 99
25 95
91 95
4 75
12 75
6 75
8 75
5 75
7 75
9 75
10 75
11 75
13 75
14 75
15 75
16 75
17 75
18 75
19 75
20 75
21 75
22 75
23 75
24 75
38 75
82 75
48 75
26 75
32 75
53 75
44 75
40 75
56 75
31 75
34 75
28 75
30 75
25 75
36 75
42 75
46 75
91 75
50 75
64 75
33 75
77 75
54 75
61 75
52 75
39 75
60 75
72 75
41 75
43 75
63 75
47 75
37 75
27 75
45 75
49 75
67 75
78 75
86 75
58 75
57 75
76 75
35 75
29 75
51 75
55 75
59 75
62 75
65 75
66 75
68 75
69 75
70 75
71 75
73 75
74 75
79 75
80 75
81 75
83 75
84 75
85 75
87 75
88 75
89 75
90 75
92 75
93 75
94 75
96 75
97 75
25 94
25 90
82 86
