5
10
21
35
12
47
100
44 51
38 51
7 51
18 51
33 51
20 51
39 51
25 51
16 51
32 51
29 51
49 51
40 51
5 51
13 51
50 51
1 51
28 51
31 51
22 51
3 51
42 51
19 9
3 9
43 9
7 9
23 9
22 9
37 9
1 9
41 9
8 9
49 9
46 9
20 9
16 9
28 9
34 9
24 9
36 9
33 9
39 9
31 9
38 9
44 9
29 9
33 27
30 27
44 27
46 27
8 27
45 27
49 27
11 27
28 27
40 27
15 27
14 27
41 27
3 27
37 27
29 27
39 27
2 27
26 27
22 27
36 27
19 27
16 27
1 27
20 27
0 27
25 27
23 27
42 27
45 5
6 5
46 5
11 5
33 5
7 5
28 5
1 5
34 5
38 5
17 5
42 5
37 5
48 5
50 5
0 5
29 5
15 5
4 5
22 5
33 13
25 5
30 31
50 8
45 0
