5
84
81
77
28
56
100
0 34
43 91
0 13
16 91
0 2
58 91
0 50
62 91
51 91
5 91
0 60
21 91
78 91
33 91
49 91
0 48
64 91
0 6
65 91
4 91
3 91
57 91
38 91
0 91
0 70
0 12
0 33
74 91
29 91
0 20
0 79
13 91
0 89
42 91
34 91
0 44
0 26
46 91
0 42
82 91
88 91
25 91
27 91
0 71
18 91
47 91
83 91
9 91
76 91
0 74
0 21
0 45
7 91
0 67
0 76
0 80
0 78
0 43
87 91
61 91
70 91
14 91
85 91
0 58
0 30
0 75
37 91
52 91
0 29
0 17
80 91
60 91
0 15
79 91
0 62
12 91
40 91
0 47
89 91
0 63
0 49
35 91
0 3
48 91
0 27
0 61
0 52
0 38
0 66
90 91
44 91
63 91
0 68
0 24
0 86
0 88
36 91
66 91
19 91
0 32
