5
93
64
83
70
36
92
17 46
7 19
17 19
61 19
2 15
10 1
2 1
11 1
21 1
4 1
14 23
7 10
30 10
13 17
60 17
24 17
54 17
26 17
14 38
5 4
7 4
2 4
9 4
54 4
14 26
54 82
2 21
30 14
2 14
0 2
59 2
7 2
13 2
18 2
5 2
11 2
7 16
30 59
13 7
18 7
80 7
35 7
3 0
3 24
6 1
20 1
85 14
32 24
22 14
62 2
78 14
66 1
50 30
48 2
8 7
71 7
45 13
90 10
52 7
40 18
6 4
81 0
51 89
32 7
34 2
28 39
73 17
58 92
28 16
58 2
94 2
41 5
74 1
47 40
51 7
40 2
31 18
91 7
97 2
91 59
33 1
25 14
69 7
56 3
20 19
86 2
76 8
29 2
67 19
12 5
22 35
17 38
