5
25
14
26
49
17
100
54 89
28 89
87 89
19 89
27 89
64 89
40 89
81 89
86 89
1 89
59 89
43 89
70 89
62 89
44 89
35 89
16 89
32 89
71 89
62 39
44 39
50 39
66 39
15 39
35 39
52 39
36 39
60 39
73 39
55 39
84 39
11 39
58 39
3 39
38 39
56 39
57 39
12 68
48 68
36 68
43 68
45 68
75 68
10 68
23 68
72 68
26 68
80 68
31 68
73 68
60 68
5 68
82 68
8 68
16 68
58 68
18 68
63 68
53 68
11 68
56 68
18 20
45 20
76 20
23 20
71 20
44 20
4 20
59 20
57 20
53 20
84 20
16 20
12 54
85 54
77 54
70 54
33 54
16 54
19 54
18 54
80 54
6 54
59 54
7 54
82 54
88 54
52 54
23 54
86 54
64 54
73 54
27 54
42 54
36 71
52 71
12 71
17 71
15 71
0 71
