5
35
79
1
32
26
100
58 99
93 99
54 99
15 99
3 99
7 99
33 99
83 99
18 99
0 99
31 99
12 99
52 99
82 99
50 99
68 99
60 99
16 99
49 99
65 99
64 99
43 99
34 99
91 99
88 99
29 99
96 99
87 99
30 99
74 99
21 99
81 99
13 99
55 99
66 99
59 99
9 99
56 99
73 99
36 99
44 99
92 99
71 99
70 99
24 99
42 99
53 99
75 99
45 99
98 99
48 99
76 99
20 99
62 99
39 99
17 99
94 99
67 99
40 99
63 99
27 99
5 99
80 99
38 99
62 22
9 22
74 22
98 22
37 22
60 22
87 22
5 22
83 22
27 22
82 22
75 22
40 22
70 22
61 22
21 22
20 22
42 22
77 22
66 22
33 22
49 22
48 22
31 22
54 22
93 22
34 22
3 22
90 22
50 22
95 94
95 14
33 73
31 90
39 50
36 22
