5
89
84
80
72
68
96
98 99
95 8
15 8
44 45
66 45
79 45
75 86
44 86
1 86
40 70
7 77
13 77
59 82
93 82
56 95
3 95
4 13
88 13
69 64
73 65
87 90
23 94
44 94
30 87
61 78
98 58
56 57
1 57
93 57
79 21
69 40
98 40
61 55
0 49
75 49
62 74
53 74
28 74
48 74
12 73
30 43
11 43
10 79
37 79
88 53
19 53
23 47
28 47
34 6
11 6
2 6
0 26
0 10
46 34
54 77
27 46
27 53
35 21
2 77
25 93
25 62
63 87
35 59
32 27
54 87
81 76
85 78
52 74
5 43
25 46
76 71
38 10
18 2
29 82
35 42
76 65
24 1
35 37
5 69
31 3
54 99
76 47
63 30
85 22
32 58
67 47
63 28
41 12
5 3
9 91
36 44
81 66
50 85
41 70
50 46
95 13
