5
78
84
65
66
53
88
95 99
93 99
71 70
67 68
88 87
86 87
88 91
90 91
10 92
88 89
59 60
51 61
30 61
32 61
63 62
80 79
17 16
49 48
47 48
42 41
49 40
88 85
0 50
31 52
59 19
20 19
17 18
2 3
63 3
10 11
13 12
73 59
57 58
6 7
8 7
35 34
33 34
71 43
25 29
28 29
32 31
27 95
74 95
20 76
57 56
21 22
72 64
47 81
73 74
5 71
26 73
9 10
1 2
0 6
0 27
46 47
46 45
44 43
44 2
97 41
97 86
99 98
96 91
96 95
98 97
37 38
37 59
94 71
15 16
24 0
4 5
55 70
4 61
15 71
94 95
24 23
94 76
82 81
82 39
75 74
55 56
94 96
94 69
75 76
23 95
54 55
82 83
89 90
