5
90
66
85
82
86
100
60 99
48 99
23 99
78 99
49 99
20 99
58 99
79 99
77 99
92 99
76 99
87 99
83 99
15 99
6 99
52 99
84 99
0 99
50 99
25 99
30 99
3 99
67 99
97 99
72 99
74 99
89 99
94 99
56 99
88 99
54 99
59 99
29 99
80 99
45 99
31 99
8 99
75 99
98 99
93 99
5 99
69 99
43 99
37 99
65 99
71 99
91 24
57 24
89 24
42 24
12 24
25 24
22 24
36 24
23 24
78 24
10 24
18 24
63 24
26 24
67 24
1 24
5 24
92 24
37 24
55 24
79 24
94 24
80 24
17 24
32 24
50 24
30 24
76 24
14 24
54 24
65 24
68 24
41 24
81 24
21 24
28 24
34 24
19 24
52 24
84 24
56 24
70 24
9 24
73 24
74 16
60 16
0 69
2 0
19 0
29 16
5 48
18 47
56 89
0 92
