5
55
41
6
97
74
100
61 99
0 81
23 99
38 99
0 2
40 99
0 13
7 99
0 8
0 65
11 99
0 3
28 99
85 99
45 99
89 99
0 79
80 99
47 99
44 99
58 99
35 99
75 99
50 99
63 99
81 99
51 99
87 99
21 99
0 99
68 99
2 99
0 85
0 52
60 99
0 22
29 99
0 9
0 31
19 99
0 76
0 7
59 99
0 69
77 99
0 94
69 99
49 99
0 10
0 93
90 99
0 91
62 99
31 99
0 60
73 99
57 99
91 99
0 28
0 48
22 99
0 18
0 36
37 99
0 50
39 99
0 86
0 11
0 98
0 70
66 99
12 99
72 99
54 99
0 46
52 99
16 99
0 84
20 99
0 77
0 53
88 99
94 99
0 96
0 87
0 4
34 99
76 99
0 20
0 32
0 33
86 99
0 1
93 99
0 34
70 99
0 23
98 99
56 99
42 99
