5
85
56
89
53
45
100
46 99
5 99
20 99
91 99
14 99
62 99
6 99
41 99
39 99
45 93
85 93
29 93
56 93
61 93
59 93
89 93
35 93
35 83
89 83
12 83
85 83
56 83
28 83
43 83
86 83
67 41
94 41
2 41
53 41
86 41
43 41
6 41
39 41
20 62
14 62
91 62
6 62
46 62
94 62
39 62
91 5
50 5
11 5
20 5
37 5
46 5
14 5
67 39
6 39
50 39
14 39
20 39
94 46
91 46
20 46
14 46
50 46
28 6
67 6
43 6
14 6
94 20
91 20
50 20
50 14
94 14
95 91
53 91
50 91
18 82
60 82
1 82
38 82
32 82
52 82
53 82
11 82
1 50
38 50
81 52
97 52
18 52
38 52
1 52
11 52
13 52
10 37
13 37
97 37
26 37
69 37
15 37
11 37
18 38
81 38
1 38
97 38
60 38
97 11
26 11
