5
70
40
83
14
19
100
67 99
86 99
5 99
47 99
44 99
26 99
31 99
53 99
55 99
9 99
77 99
76 99
45 99
52 99
84 99
12 99
1 99
73 99
10 99
64 99
90 99
20 99
15 99
13 99
33 99
25 99
11 99
72 99
66 99
89 99
91 99
0 99
63 99
17 99
37 99
28 99
32 99
82 99
27 99
74 99
8 99
69 99
58 99
4 99
57 99
30 99
79 99
18 99
21 99
38 99
30 68
11 68
94 68
5 68
87 68
72 68
23 68
97 68
7 68
69 68
32 68
13 68
20 68
88 68
80 68
77 68
36 68
65 68
26 68
96 68
31 68
67 68
95 68
73 68
9 68
44 68
56 68
98 68
28 68
24 68
8 68
10 68
15 68
58 68
75 68
76 68
0 68
81 68
84 68
51 68
6 68
18 68
64 65
89 0
55 77
31 4
90 27
69 87
36 29
77 22
