5
56
37
53
18
25
100
0 52
0 89
28 99
0 59
85 99
0 57
0 80
54 91
40 99
5 99
0 71
86 7
28 92
0 78
0 50
0 97
62 99
35 99
0 32
0 68
0 31
0 82
38 99
11 99
0 44
0 76
0 42
90 99
0 96
0 36
0 66
0 17
17 99
6 99
94 99
0 74
0 39
0 15
66 99
0 77
84 99
0 63
10 99
0 87
55 99
98 99
71 99
0 95
0 40
75 99
0 86
0 99
0 38
68 99
21 99
74 99
0 65
79 99
0 73
65 99
63 99
0 24
0 19
0 9
73 99
32 99
34 99
0 92
0 62
41 99
0 60
87 99
0 20
0 93
86 99
60 99
0 48
30 99
0 80
48 99
0 30
19 99
0 98
9 99
0 43
0 10
64 99
0 45
2 99
0 16
1 99
29 99
0 58
0 26
16 99
47 99
78 99
0 35
0 22
0 49
