5
32
29
89
40
16
100
35 95
55 95
68 95
25 95
50 95
62 95
52 95
65 95
11 95
28 95
13 95
79 95
88 95
45 95
66 95
61 95
53 95
37 95
38 95
77 95
93 95
39 9
7 9
46 9
87 9
74 9
49 9
17 9
0 9
5 9
41 9
35 9
23 9
63 9
80 9
70 9
77 9
13 9
15 9
92 9
24 9
90 9
71 72
65 72
53 72
74 72
28 72
42 72
66 72
43 72
68 72
62 72
20 72
24 72
87 72
1 72
79 72
81 72
78 72
75 72
55 72
45 72
12 72
54 72
8 72
37 72
90 72
80 58
57 58
81 58
35 58
42 58
79 58
78 58
83 58
23 58
22 58
46 58
86 58
90 58
50 58
37 58
77 8
37 8
60 8
76 0
20 0
55 0
80 0
63 8
60 0
15 0
93 0
51 42
64 69
54 2
64 65
51 10
20 31
3 42
