5
75
73
47
38
12
100
26 96
52 96
86 96
32 96
31 96
48 96
8 96
50 96
3 96
72 96
24 96
54 96
58 96
35 96
66 96
78 96
61 96
63 70
71 70
31 70
65 70
81 70
66 70
37 70
58 70
32 70
39 70
41 70
51 70
48 70
6 70
26 70
67 70
76 70
90 70
44 70
53 70
20 70
10 70
68 70
94 70
23 70
61 70
69 70
62 70
26 40
18 40
87 40
34 40
90 40
89 40
10 40
31 40
32 40
83 40
92 40
48 40
64 40
54 40
29 40
68 40
11 40
82 66
95 66
87 66
93 66
57 66
13 66
2 66
16 66
45 66
50 66
19 66
73 66
3 66
79 66
25 66
7 66
4 66
1 66
92 66
77 66
21 66
46 53
17 53
52 53
43 53
62 53
49 53
81 53
2 53
0 53
41 53
83 53
6 53
56 53
7 53
1 53
86 53
90 53
