5
92
56
78
75
70
100
38 99
26 99
17 99
98 99
59 99
88 99
0 99
53 99
9 99
91 99
94 99
72 99
77 99
3 99
5 99
85 99
43 99
60 99
2 99
1 99
45 99
29 99
61 99
34 99
40 99
48 99
73 99
39 99
64 99
80 99
20 99
15 99
28 99
79 99
62 99
32 99
46 99
30 99
57 99
49 99
89 99
42 99
54 99
41 99
36 99
96 99
67 99
63 99
21 99
71 99
65 99
7 99
87 99
51 99
84 99
28 11
77 11
17 11
82 11
24 11
2 11
76 11
71 11
47 11
53 11
8 11
59 11
46 11
12 11
74 11
4 11
44 11
80 11
37 11
10 11
69 11
55 11
67 11
30 11
23 11
43 11
9 11
90 11
97 11
42 11
89 11
83 11
31 11
26 11
41 11
96 11
1 11
87 11
18 11
35 32
46 22
41 23
27 80
30 29
44 38
