5
71
80
69
37
26
100
15 99
3 99
29 99
53 99
7 99
62 99
90 99
59 99
50 99
4 99
38 99
52 99
64 96
43 96
56 96
36 96
16 96
25 13
30 13
44 13
23 13
46 13
5 13
8 13
11 13
4 42
47 42
78 42
11 42
55 42
94 1
12 1
86 1
66 1
88 1
45 1
23 72
86 72
68 72
35 72
65 72
88 72
29 81
94 81
35 81
63 81
7 81
82 81
73 81
3 40
2 40
30 40
36 40
91 40
20 40
53 40
89 40
15 82
20 82
14 82
94 82
33 82
25 82
98 82
52 82
60 82
36 31
22 31
5 31
97 31
45 31
51 31
58 31
52 31
12 31
61 31
38 31
77 31
35 93
55 93
27 97
68 97
15 97
49 97
55 97
43 97
86 97
83 0
6 0
53 0
91 0
58 0
76 0
52 0
85 18
59 68
53 84
22 5
85 22
47 97
