5
74
36
16
77
26
100
92 98
56 98
38 98
47 98
87 98
89 98
3 98
32 98
15 98
58 98
40 98
75 98
63 98
42 98
78 98
45 98
82 98
57 98
2 98
24 98
46 98
88 98
35 98
61 98
96 98
28 98
91 98
95 98
52 98
39 98
22 98
55 98
54 98
18 98
93 98
37 98
5 98
70 98
29 98
85 98
23 98
17 98
14 98
65 98
76 98
49 67
42 67
33 67
11 67
25 67
18 67
22 67
73 67
64 67
61 67
24 67
76 67
27 67
78 67
1 67
79 67
4 67
80 67
8 67
13 67
68 67
60 67
97 67
54 67
5 67
91 67
43 67
2 67
15 67
55 67
86 67
85 67
7 67
72 67
3 67
32 67
10 67
62 67
84 67
93 67
37 67
41 67
63 67
17 67
67 82
56 54
92 0
19 0
0 50
92 67
70 17
44 45
41 19
23 48
50 27
