0
91
66 69
62 77
64 65
62 60
61 60
61 75
45 42
54 42
24 39
45 59
26 38
60 79
58 41
51 42
72 76
66 79
44 46
41 51
40 46
24 34
29 38
49 43
49 44
49 48
49 52
50 48
52 40
40 48
27 39
49 56
39 38
44 48
24 21
72 60
36 38
54 40
72 61
72 78
24 37
43 40
27 25
33 25
30 31
32 33
31 21
24 22
39 36
23 20
34 20
37 32
23 34
32 20
22 26
23 22
72 66
72 62
72 75
26 28
72 65
63 79
67 74
67 61
67 69
75 79
64 79
71 79
61 79
76 79
69 79
70 66
70 74
70 73
70 76
60 78
76 78
62 78
73 78
70 62
66 76
65 71
62 74
64 74
64 69
64 76
66 71
71 74
64 77
64 60
63 71
77 69
66 69
