5
93
76
65
64
63
100
93 96
90 96
95 96
94 96
90 92
87 92
91 92
93 92
94 92
93 95
94 95
89 90
87 90
91 90
93 90
93 94
88 87
86 87
89 87
84 85
81 85
86 85
83 85
88 85
82 85
83 86
84 86
77 81
79 81
80 81
83 81
84 81
82 81
76 81
77 78
79 78
75 78
73 78
76 78
80 78
75 74
71 74
77 74
72 74
73 74
79 74
70 74
76 74
77 80
79 80
76 80
83 80
82 80
83 84
77 82
75 77
73 77
76 77
76 79
75 79
72 73
75 73
70 73
71 73
76 73
69 73
66 67
68 67
65 67
64 67
62 67
69 67
71 67
70 67
66 72
71 72
69 72
70 72
71 75
76 75
69 70
71 70
63 66
64 66
65 66
68 66
62 66
69 66
65 69
65 68
61 62
63 62
58 62
64 62
59 62
65 62
50 56
55 56
52 56
57 56
