5
7
55
15
76
35
100
26 99
42 99
28 99
78 99
73 99
38 99
25 99
12 99
44 99
68 99
27 99
11 99
29 99
97 99
86 99
89 99
82 99
51 99
65 99
91 99
37 99
96 99
95 99
93 99
3 99
36 99
18 99
2 99
13 99
75 99
0 99
74 99
58 99
1 99
56 99
69 99
5 99
50 99
20 99
23 99
60 99
90 99
61 99
33 99
66 99
10 99
83 99
6 99
40 99
22 99
77 99
24 99
8 99
49 99
71 99
62 99
57 99
88 99
52 99
46 99
32 4
44 4
17 4
63 4
88 4
8 4
47 4
83 4
14 4
23 4
11 4
53 4
42 4
91 4
60 4
58 4
36 4
89 4
33 4
86 4
39 4
82 4
67 4
30 4
92 4
52 4
56 4
25 4
18 4
10 4
79 4
65 4
31 4
17 0
49 48
69 0
98 13
17 66
87 27
39 67
