5
83
93
84
56
66
100
0 99
59 99
65 99
38 99
71 99
63 99
48 99
94 99
27 99
9 99
12 99
60 99
41 99
3 99
31 99
98 99
16 99
67 99
23 99
91 99
19 99
15 99
80 99
73 99
14 99
86 99
18 99
33 99
44 99
82 99
85 99
40 99
45 99
39 99
32 99
64 99
21 99
90 99
68 99
6 99
20 99
8 99
34 99
49 99
96 99
1 99
46 99
51 99
61 99
89 99
52 99
37 99
25 99
28 99
87 99
4 99
10 99
24 99
79 99
75 99
97 99
58 99
7 99
88 99
11 99
29 99
78 99
42 99
2 74
67 74
43 74
41 74
21 74
34 74
81 74
98 74
23 74
77 74
59 74
50 0
22 0
0 94
3 0
51 0
54 0
80 74
14 74
40 74
12 0
57 74
60 0
30 74
38 0
30 92
35 0
7 1
40 25
20 98
13 77
64 74
