5
85
81
67
28
37
100
65 71
35 38
82 77
73 71
79 72
41 43
84 87
40 43
29 35
96 99
68 66
39 43
56 57
93 96
84 86
43 44
38 43
0 11
43 59
89 98
21 23
2 3
88 89
4 21
97 99
58 64
18 21
88 93
43 48
95 99
88 90
0 16
35 42
86 90
73 78
21 25
92 98
21 24
94 98
83 84
68 69
34 42
29 36
68 82
88 91
22 26
71 84
91 98
26 32
90 98
31 36
88 92
40 36
78 84
94 95
27 31
24 27
80 84
94 87
94 97
87 93
74 84
97 93
86 93
68 70
68 75
72 84
94 96
68 76
91 95
27 30
76 77
90 95
86 89
27 29
27 32
92 95
86 91
27 33
92 87
27 23
33 36
26 30
68 73
97 89
96 89
92 96
83 77
26 33
97 90
91 87
32 36
30 36
39 36
26 31
41 36
79 77
79 83
34 41
69 77
