5
97
96
95
93
92
100
91 99
90 99
98 99
89 94
87 94
85 94
86 94
81 94
84 94
82 94
88 94
80 83
78 83
75 83
76 83
90 83
72 83
73 83
91 83
71 83
79 83
77 83
98 83
86 74
63 74
87 74
81 74
67 74
61 74
70 74
62 74
88 74
89 74
68 74
85 74
65 74
84 74
69 74
64 74
66 74
72 82
80 82
71 82
73 82
76 82
90 82
78 82
79 82
75 82
91 82
77 82
88 98
81 98
89 98
86 98
87 98
84 98
73 85
80 85
72 85
75 85
76 85
90 85
91 85
71 85
78 85
79 85
65 77
69 77
88 77
81 77
87 77
86 77
64 77
84 77
70 77
62 77
61 77
63 77
68 77
0 1
66 77
77 67
48 54
8 0
69 76
47 32
91 89
80 89
79 89
0 2
67 79
10 0
50 34
48 58
68 73
14 30
21 14
51 63
56 42
