5
66
86
63
27
57
100
42 99
6 99
80 99
72 99
25 99
88 99
75 99
53 99
9 99
49 99
2 99
34 99
82 99
66 99
73 99
15 99
87 99
38 99
35 99
84 99
68 99
83 99
43 99
86 99
85 99
62 99
79 99
20 99
71 99
52 99
50 99
10 99
98 99
27 99
12 99
90 99
95 99
63 99
31 99
24 99
1 99
56 99
67 99
39 99
5 99
87 92
32 92
50 92
55 92
0 92
86 92
57 92
81 92
94 92
18 92
16 92
53 92
67 92
21 92
11 92
5 92
38 92
59 92
36 92
73 92
72 92
1 92
37 92
6 92
43 92
54 92
28 92
29 92
93 92
91 92
24 92
89 92
26 92
31 92
74 92
41 92
39 92
80 92
61 92
33 92
25 92
7 92
90 92
21 3
7 3
97 3
93 3
71 3
98 3
31 3
28 3
11 3
0 3
15 3
33 3
