4
24
92
21
62
98
0 93
72 99
82 99
73 99
58 95
0 84
89 99
80 99
81 99
0 11
0 97
70 99
42 99
20 99
58 78
0 42
0 49
0 23
0 69
0 74
0 57
5 99
0 70
0 53
0 8
97 99
18 99
15 99
0 27
17 99
0 96
58 99
22 99
0 72
14 99
0 99
40 99
83 99
66 99
0 91
0 88
2 99
0 7
3 99
0 15
0 95
41 99
27 99
36 99
0 94
0 50
90 99
0 87
94 99
43 99
26 99
0 68
0 98
50 99
0 14
12 99
11 99
0 77
0 1
0 32
51 99
0 67
0 81
45 99
0 52
0 31
9 99
0 61
0 28
0 59
0 16
74 99
0 3
0 86
54 99
0 37
0 83
35 99
0 13
63 99
57 99
86 99
0 10
0 78
13 99
0 17
19 99
79 99
71 99
0 80
76 99
0 33
72 99
