5
21
53
52
9
31
100
0 5
0 60
46 99
38 99
0 65
0 98
55 99
91 99
0 92
15 99
61 99
48 99
0 71
0 26
26 99
73 99
47 99
0 49
76 99
19 99
0 90
64 99
97 99
41 99
0 54
0 8
0 24
56 99
0 94
2 99
0 14
0 27
0 99
0 3
0 46
0 6
4 99
74 99
70 99
37 99
0 42
0 34
81 99
0 2
49 99
34 99
0 91
0 13
0 69
33 99
0 15
92 99
0 59
28 99
24 99
0 51
8 99
0 39
27 99
0 4
30 99
86 99
22 99
0 10
7 99
0 79
0 29
82 99
71 99
60 99
0 72
78 99
0 85
0 25
0 76
0 64
83 99
0 55
0 19
0 44
0 33
3 99
0 77
0 97
16 99
32 99
0 50
63 99
80 99
38 50
44 33
69 99
66 22
20 99
62 99
0 18
66 36
95 45
2 96
58 0
