5
51
56
30
62
31
100
81 93
41 93
89 93
35 93
1 93
2 93
18 93
65 93
56 93
86 93
4 93
51 93
32 93
53 93
62 93
0 93
46 93
20 93
70 93
57 93
75 93
92 93
26 93
87 93
67 93
8 93
12 93
43 93
77 93
29 93
50 93
52 93
67 17
70 17
25 17
73 17
86 17
45 17
82 17
91 17
24 17
54 17
75 17
83 17
50 17
19 17
40 17
0 17
81 17
26 17
27 17
66 17
39 17
49 17
92 17
80 17
7 17
18 17
16 17
51 17
89 17
15 17
11 17
34 17
22 17
57 17
77 17
74 17
14 69
63 69
11 69
78 69
91 69
13 69
3 69
21 69
60 69
10 69
82 69
15 69
30 69
55 69
92 69
24 69
68 69
88 69
40 69
70 69
8 69
19 69
27 69
83 69
26 69
61 69
25 69
58 69
87 69
85 69
86 69
71 69
