5
19
58
75
17
2
100
0 99
16 99
8 99
41 99
57 99
42 99
60 99
82 99
23 99
31 99
39 99
22 99
45 99
81 99
11 99
29 99
84 99
14 99
44 99
93 99
56 99
37 99
74 99
66 99
94 99
79 99
33 99
49 99
77 99
53 99
52 99
86 99
35 99
55 99
92 99
80 99
65 99
97 99
18 99
85 99
98 99
9 99
96 99
51 99
89 99
63 99
28 99
30 99
61 99
88 99
24 21
50 21
39 21
69 21
35 21
62 21
23 21
96 21
80 21
72 21
42 21
41 21
18 21
30 21
76 21
55 21
4 21
71 21
82 21
59 21
91 21
97 21
93 21
9 21
77 21
89 21
56 21
92 21
68 21
74 21
22 21
3 21
45 21
78 21
12 21
8 21
27 21
34 21
38 21
28 21
57 21
47 77
15 21
33 0
31 47
34 98
4 57
73 91
81 42
66 47
