5
76
19
37
90
60
100
5 99
18 99
28 99
35 99
93 99
98 99
61 99
41 99
44 99
54 99
2 99
67 99
39 99
96 99
15 99
26 99
40 99
74 99
13 99
49 22
25 22
87 22
15 22
94 22
9 22
66 22
14 22
55 22
56 22
92 22
98 22
16 22
30 22
67 22
13 22
25 28
35 28
6 28
95 28
97 28
24 28
21 28
20 28
12 28
14 28
62 28
38 28
65 28
54 28
11 28
68 28
5 46
21 46
97 46
44 46
25 46
1 46
55 46
30 46
84 46
29 46
73 46
57 46
80 46
83 46
70 46
57 13
92 13
21 13
79 13
36 13
68 13
72 13
80 13
47 13
18 13
89 13
71 13
66 13
85 13
55 13
91 13
16 13
91 45
69 45
44 0
0 52
40 45
89 80
92 0
59 52
73 16
57 12
87 91
96 87
44 9
54 26
52 85
74 68
57 54
