5
16
63
10
87
65
101
3 95
0 52
43 95
69 95
38 95
42 95
93 95
21 95
2 95
51 95
37 95
82 95
0 34
92 95
11 95
35 95
94 95
24 95
48 95
25 95
33 95
61 95
1 95
85 95
0 26
26 95
0 13
78 95
27 95
23 95
0 46
0 33
0 29
0 21
36 95
0 81
0 91
44 95
17 95
49 95
0 57
28 95
0 67
0 95
0 40
66 95
86 95
0 76
84 95
45 95
0 53
0 27
0 15
22 95
5 95
0 31
0 5
0 49
9 95
59 95
80 95
0 45
68 95
19 95
62 95
0 47
0 68
0 8
0 69
89 95
64 95
0 41
0 24
60 95
6 95
79 95
0 73
4 95
0 22
0 56
57 95
18 95
0 42
0 39
0 4
77 95
0 59
34 95
67 95
0 25
0 19
75 95
47 95
0 14
0 78
15 95
0 58
46 95
76 95
0 48
0 72
