5
55
80
56
22
41
100
76 99
87 99
62 99
18 99
83 99
35 99
92 99
52 99
78 99
51 99
91 99
67 99
2 99
3 99
82 99
38 99
54 99
50 99
57 99
72 99
71 99
65 99
49 99
34 99
88 99
25 99
32 99
37 99
19 99
31 99
40 99
61 99
95 99
81 99
0 99
14 99
8 99
23 99
13 99
16 99
60 99
29 99
46 99
73 99
7 99
17 99
85 99
93 99
69 99
59 99
27 99
48 99
74 99
66 99
63 99
70 99
26 99
24 99
86 99
9 99
4 99
44 99
75 99
58 99
47 99
21 99
36 99
68 99
43 99
20 99
28 99
30 99
42 99
12 99
1 99
11 99
90 99
45 99
15 99
60 53
85 53
88 53
33 53
87 53
50 53
11 53
9 53
68 53
54 53
61 53
73 53
8 53
81 53
1 53
48 53
71 53
8 65
38 64
77 66
98 76
