5
60
21
69
75
78
100
0 59
8 96
93 96
33 96
0 9
0 51
44 96
9 96
0 50
17 96
0 81
92 96
81 96
0 42
0 43
36 16
0 24
14 96
87 96
94 96
7 96
0 22
0 83
0 5
0 25
29 96
3 96
86 96
0 19
0 18
0 87
61 96
0 96
0 31
19 96
0 27
80 96
0 68
56 96
0 93
71 96
47 96
0 3
0 13
88 96
91 96
0 45
79 96
49 96
0 32
16 96
37 96
0 44
0 86
32 96
52 96
0 94
64 96
0 39
0 64
0 74
0 47
95 96
28 96
0 91
0 38
0 82
0 4
6 96
0 52
0 20
0 35
73 96
0 95
0 57
46 96
5 96
1 96
34 96
35 96
0 72
0 66
65 96
10 96
70 96
0 79
0 26
57 96
89 96
2 96
0 25
0 37
24 96
68 96
0 61
11 96
74 96
72 96
53 96
0 30
