5
76
72
57
21
14
100
51 97
90 97
59 97
82 97
7 97
1 97
88 97
40 97
31 97
42 97
3 97
18 97
48 97
9 97
10 97
91 97
33 97
44 97
24 97
96 97
15 97
25 97
16 97
53 97
61 97
62 97
37 97
32 97
47 97
90 66
15 66
42 66
94 66
7 66
5 66
83 66
63 66
64 66
95 66
78 66
59 66
26 66
28 66
56 66
53 66
50 66
43 66
29 66
1 66
85 66
39 66
3 66
40 66
44 66
47 66
69 66
93 66
37 66
36 66
12 75
36 75
20 75
18 75
71 75
38 75
86 75
46 75
33 75
5 75
70 75
28 75
42 75
95 75
58 75
89 75
96 75
80 75
63 75
61 75
7 75
2 75
0 75
15 75
62 75
22 75
59 24
64 24
56 24
42 24
80 24
29 24
30 24
7 43
41 79
86 60
89 78
0 95
35 79
71 79
43 0
