5
81
48
98
87
95
95
64 99
52 78
74 29
90 29
97 59
97 60
42 92
79 92
39 92
38 92
38 97
51 44
45 68
77 68
71 63
56 63
72 73
38 73
45 56
11 65
24 65
71 90
15 2
51 2
16 62
28 62
32 64
33 64
34 17
96 17
51 12
76 12
24 96
3 32
74 32
10 32
5 80
15 11
85 76
0 7
28 70
4 77
39 94
39 74
0 84
34 13
18 3
85 84
46 44
41 18
53 70
14 25
99 78
19 84
19 97
57 78
1 22
19 91
1 35
83 70
53 14
37 24
31 96
31 70
31 90
30 56
54 49
27 18
82 83
50 63
27 13
54 41
69 91
40 80
8 83
26 50
23 45
86 17
8 77
58 68
61 12
58 18
61 51
8 91
43 45
20 10
69 93
61 21
58 99
43 15
86 64
36 99
8 44
40 25
71 96
