5
95
94
93
92
91
100
77 96
27 96
89 96
33 96
53 96
39 96
57 96
20 96
24 96
58 96
43 96
29 96
95 96
1 96
37 96
12 96
81 96
75 96
15 96
64 96
34 96
69 96
70 96
36 96
92 96
30 96
6 96
86 96
74 96
94 96
47 96
51 96
90 96
67 96
48 96
76 96
7 96
73 96
46 96
14 96
71 96
56 96
5 96
9 96
23 96
25 96
17 96
44 96
84 96
31 96
68 96
54 96
2 96
93 96
42 96
88 96
79 96
22 96
32 96
49 96
4 96
91 96
35 96
38 96
82 96
80 96
8 96
18 96
83 96
62 96
72 96
55 96
85 96
61 96
21 96
11 96
28 96
13 96
3 96
60 96
87 96
40 96
0 96
66 96
78 96
19 96
45 96
10 96
65 96
41 96
50 96
52 96
26 96
16 96
59 96
73 63
80 63
42 63
33 63
30 63
