5
14
97
71
67
95
100
79 99
13 99
53 99
6 70
62 70
28 70
41 53
7 53
68 53
42 53
38 75
12 43
4 43
77 43
58 45
20 45
92 45
68 48
40 48
58 48
96 48
27 48
32 48
93 84
44 84
42 84
20 84
94 38
49 38
42 62
87 62
58 62
37 62
85 62
65 62
12 82
28 82
86 82
90 82
36 82
4 27
49 91
96 91
98 25
32 18
55 29
30 29
8 46
80 46
61 46
66 46
1 33
69 33
54 33
73 33
13 33
39 33
79 37
17 37
6 92
44 92
19 39
36 39
95 17
7 12
36 12
78 12
65 41
2 41
32 41
23 41
11 90
42 90
57 20
8 81
31 81
5 81
4 81
2 34
88 34
73 34
87 30
77 30
56 30
47 66
49 66
13 66
19 56
10 56
80 56
61 56
26 32
22 77
65 77
88 47
55 47
63 47
21 47
58 47
72 9
