5
6
53
26
19
44
100
0 79
77 79
50 79
78 79
60 1
61 1
64 1
73 1
4 1
36 1
34 1
31 1
18 1
28 1
38 1
72 1
77 1
58 1
2 1
30 1
48 1
9 1
42 1
69 1
68 1
70 1
14 1
16 1
41 1
59 1
63 1
43 1
8 1
14 10
33 10
2 9
60 9
31 52
59 52
3 52
5 52
72 50
24 7
2 7
74 68
2 30
0 30
77 30
4 30
73 75
37 75
77 75
4 47
18 47
76 47
2 73
0 73
66 73
48 73
4 73
16 73
2 63
3 63
4 63
12 41
4 17
62 17
2 17
0 17
37 38
2 38
2 60
0 60
3 60
72 60
2 12
3 12
0 31
15 31
3 13
62 13
0 64
4 64
55 52
49 64
49 1
3 72
54 64
54 1
78 72
72 70
23 41
11 73
11 1
67 73
0 32
37 32
22 4
22 1
0 2
