5
93
92
91
90
89
100
57 94
84 94
6 94
19 94
65 94
79 94
46 94
67 94
23 94
30 94
51 94
41 94
53 94
93 94
92 94
24 94
5 94
68 94
85 94
90 94
17 94
33 94
56 94
29 94
18 94
47 94
87 94
42 94
28 94
38 94
88 94
83 94
60 94
12 94
72 94
55 94
75 94
71 94
69 94
4 94
48 94
11 94
74 94
62 94
2 94
44 94
81 94
21 94
22 94
0 94
37 94
43 94
86 94
14 94
63 94
64 94
61 94
39 94
70 94
82 94
76 94
13 94
34 94
7 94
45 94
10 94
91 94
1 94
20 94
32 94
73 94
66 94
31 94
58 94
27 94
40 94
89 94
8 94
36 94
80 94
3 94
49 94
16 94
25 94
78 94
59 94
15 94
35 94
9 94
77 94
26 94
54 94
50 94
58 52
0 52
92 52
67 52
40 52
50 52
61 52
