5
85
41
28
43
42
86
63 99
48 99
62 99
74 86
52 86
84 86
63 65
25 65
94 14
9 14
32 45
44 49
72 49
25 51
79 51
44 51
80 13
95 13
75 13
62 13
72 96
71 81
64 81
12 81
36 58
93 23
11 23
66 48
64 5
46 5
82 5
55 5
36 55
18 55
44 55
6 24
25 56
26 10
91 10
60 94
71 94
50 36
93 87
26 27
67 27
97 16
80 67
72 19
73 31
15 50
64 61
46 60
93 72
93 73
11 75
29 71
15 99
3 4
34 92
3 92
3 35
34 89
34 62
53 30
37 60
37 55
70 21
39 4
40 38
70 78
39 79
88 33
53 45
88 14
2 4
17 84
1 99
1 27
8 68
17 58
39 99
37 12
8 6
53 81
39 97
66 22
