5
47
70
72
40
71
100
25 81
67 81
17 81
78 81
48 81
75 81
44 81
55 81
21 81
72 81
79 81
77 65
64 65
53 65
41 65
70 65
46 65
55 65
11 65
19 65
68 65
18 65
78 65
30 65
7 65
63 65
29 65
12 69
34 69
58 69
31 69
6 69
23 69
78 69
9 69
52 69
4 69
57 69
37 69
75 69
80 69
37 42
18 42
22 42
72 42
40 42
10 42
32 42
33 42
80 42
58 42
55 42
13 28
46 28
54 28
20 28
44 28
21 28
52 28
70 28
75 28
5 28
8 28
2 28
36 28
58 28
5 63
26 63
47 63
51 63
29 63
27 63
14 63
22 63
2 63
24 63
64 63
60 63
72 63
30 63
73 63
13 63
57 63
44 63
4 63
15 63
19 63
8 63
10 63
66 35
62 35
3 35
75 35
26 35
7 35
58 35
59 35
4 35
36 35
18 14
