5
57
87
89
70
92
100
50 99
88 99
86 99
81 99
78 99
56 99
65 99
90 99
55 99
82 99
83 99
76 99
77 99
54 99
51 99
74 99
94 99
59 99
79 99
80 99
68 99
58 99
72 99
85 99
93 99
61 99
98 99
73 99
62 99
91 99
52 99
75 99
80 67
50 67
68 67
77 67
88 67
91 67
65 67
60 67
81 67
74 67
69 67
76 67
71 67
82 67
96 67
54 67
72 67
59 67
51 67
78 67
93 67
86 67
61 67
53 67
95 67
85 67
66 67
64 67
97 67
56 67
84 67
94 90
59 90
82 90
86 90
73 90
96 90
61 90
77 90
98 90
83 90
69 90
60 90
88 90
79 90
78 90
56 90
55 90
97 90
81 90
63 90
50 90
58 50
49 0
90 85
90 68
65 90
50 78
93 50
95 50
59 50
36 12
39 43
54 90
96 56
26 1
48 32
50 80
