5
74
88
65
29
26
100
8 99
47 99
22 99
87 99
71 99
48 99
9 99
57 99
6 99
89 99
3 99
1 99
28 99
16 99
26 99
66 99
0 99
88 99
75 99
38 99
40 99
92 99
14 99
64 99
82 99
97 99
30 99
73 99
54 99
24 99
37 99
34 99
43 99
17 99
68 99
35 99
84 99
13 99
29 99
56 99
62 99
69 99
25 99
45 99
78 99
32 99
61 99
41 99
4 99
20 99
90 99
42 99
95 99
18 99
7 99
69 33
63 33
38 33
77 33
97 33
58 33
24 33
39 33
83 33
80 33
23 33
98 33
57 33
54 33
44 33
25 33
62 33
84 33
13 33
11 33
79 33
4 33
30 33
89 33
8 33
55 33
87 33
36 33
35 33
43 33
95 33
96 33
66 33
71 33
75 33
64 33
17 33
67 33
42 33
20 33
5 33
1 33
34 33
85 33
26 33
