5
5
6
35
3
45
100
46 82
77 83
0 21
34 83
0 27
46 52
0 23
46 10
0 92
0 20
68 99
0 14
75 99
47 99
42 99
57 99
0 44
0 16
0 99
58 99
28 99
0 22
23 99
0 9
34 99
0 39
0 18
0 49
0 2
0 15
31 99
11 99
84 99
0 10
0 57
59 99
67 99
0 66
0 43
18 99
0 88
61 99
0 80
0 91
0 64
21 99
66 99
38 99
0 50
79 99
25 99
0 61
62 99
0 13
80 99
54 99
0 76
96 99
92 99
72 99
93 99
0 40
46 99
0 72
0 33
0 4
0 26
53 99
63 99
70 99
0 59
37 99
94 99
71 99
0 34
85 99
82 99
0 67
36 99
17 99
97 99
95 99
64 99
22 99
0 78
0 65
0 71
0 97
0 73
0 17
0 30
0 53
2 83
0 11
0 90
0 60
0 79
0 19
0 7
48 83
