5
82
73
68
62
47
100
70 89
83 89
7 89
71 44
72 44
16 37
69 37
66 37
42 37
28 37
27 64
59 64
88 61
51 61
28 61
52 59
56 59
23 46
17 46
48 46
26 46
1 46
7 46
55 46
45 85
57 85
21 85
13 32
17 40
81 40
1 40
75 40
49 40
4 40
72 27
88 27
35 27
39 27
11 27
38 21
78 39
2 39
63 66
22 66
11 66
69 66
14 66
23 15
26 15
16 15
80 20
54 20
79 20
78 41
7 41
72 6
35 6
16 52
18 52
53 52
55 60
45 30
53 30
83 71
5 74
78 28
84 22
19 83
3 83
38 83
77 39
25 46
34 27
34 46
34 19
30 71
71 74
67 0
33 83
50 83
10 58
10 34
10 30
12 61
12 30
9 30
9 20
24 6
12 40
12 64
49 2
25 6
57 49
25 20
43 0
65 44
14 86
23 86
67 45
88 43
