5
68
75
41
83
36
95
55 99
19 99
83 99
2 95
54 95
78 34
27 34
27 5
89 5
14 48
79 48
6 66
80 66
33 19
20 3
52 3
60 38
62 38
91 28
9 28
41 76
97 76
11 87
68 87
21 82
17 82
73 72
63 72
90 31
33 31
83 53
74 53
32 62
94 85
1 85
61 40
50 40
80 77
78 77
92 86
1 86
15 16
83 16
11 71
75 71
49 61
74 63
41 37
36 37
25 22
88 22
29 54
15 9
94 35
41 35
7 44
75 44
59 89
29 88
68 70
65 70
42 23
75 23
1 2
79 52
36 24
57 93
14 93
8 21
11 50
90 12
49 12
51 55
92 69
17 69
73 65
60 46
59 46
68 13
81 13
36 51
58 25
73 6
67 96
18 97
30 32
39 10
60 10
56 58
47 81
0 84
57 7
43 30
91 45
43 45
