2
42
55
99
0 96
0 25
73 44
65 99
72 99
26 99
0 36
77 99
36 99
66 99
56 99
53 99
17 99
43 40
37 99
69 99
86 99
50 99
12 99
80 99
51 99
59 99
27 99
83 99
64 99
71 99
0 71
8 99
98 99
6 99
63 99
0 99
1 99
0 33
38 99
78 99
0 20
0 69
35 99
0 94
0 46
41 99
0 80
70 99
0 34
0 87
0 92
74 99
0 65
0 38
58 99
88 99
0 12
0 1
11 99
10 99
0 40
0 95
0 50
0 82
93 99
0 79
0 62
30 99
96 99
49 99
25 99
0 97
0 48
0 52
89 99
0 16
82 99
0 6
44 99
81 99
3 99
16 99
0 89
28 99
0 8
61 99
73 99
0 60
45 99
0 88
0 68
85 99
0 71
0 10
0 26
33 99
43 99
79 99
19 99
0 32
0 41
14 99
0 63
