3
77
44
42
93
0 99
1 99
0 98
48 49
48 50
25 26
37 38
37 39
12 14
17 18
25 27
17 19
40 41
54 56
54 55
28 30
28 29
7 9
7 8
75 76
3 5
92 93
92 94
95 97
95 96
9 11
12 13
34 36
51 53
51 52
26 27
38 39
73 74
66 68
65 67
65 66
82 84
22 24
23 24
22 23
0 2
3 4
31 33
34 35
31 32
70 72
52 53
45 47
60 61
79 81
82 83
83 84
8 10
15 16
46 47
69 71
69 70
29 30
93 94
35 36
18 20
14 16
32 33
1 2
10 11
97 99
13 15
90 91
85 86
67 68
19 21
20 21
63 64
4 6
5 6
58 59
72 74
71 73
49 50
78 80
96 98
80 81
87 85
89 91
57 59
88 89
88 90
87 86
56 55
57 58
62 64
62 60
63 61
