5
6
56
51
48
45
100
10 71
28 71
13 71
4 71
26 71
5 71
47 71
29 71
68 71
46 71
55 71
64 71
2 71
58 71
67 71
42 71
60 71
54 71
7 71
19 71
34 71
44 71
70 71
30 71
40 71
49 71
24 71
9 71
8 71
32 71
14 71
57 71
18 71
23 71
41 71
22 71
12 71
43 71
3 71
35 71
17 71
39 71
27 71
15 71
50 71
33 71
31 71
16 65
29 65
25 65
44 65
50 65
0 65
12 65
14 65
47 65
28 65
26 65
34 65
30 65
52 65
63 65
64 65
18 65
57 65
70 65
42 65
43 65
35 65
24 65
27 65
23 65
39 65
17 65
33 65
55 65
66 65
49 65
60 65
62 65
3 65
40 65
36 65
5 65
2 65
9 65
22 65
54 65
38 65
20 65
4 65
7 65
37 65
46 60
10 30
24 31
20 63
36 9
38 31
53 22
