5
98
37
23
49
94
100
90 99
47 99
70 99
82 99
24 99
55 99
6 99
58 99
69 99
95 99
60 99
22 99
66 99
48 99
93 99
74 99
0 99
61 99
63 99
98 99
38 99
71 99
51 99
75 99
23 99
30 99
56 99
57 99
28 99
5 20
17 20
86 20
37 20
29 20
39 20
31 20
91 20
96 20
88 20
94 20
43 20
87 20
26 20
28 20
56 20
21 20
84 20
79 20
0 20
18 20
85 20
80 20
72 20
15 20
49 20
75 20
2 20
48 20
11 20
3 20
23 20
46 20
76 20
69 20
7 20
98 20
25 20
40 20
41 20
24 20
6 20
82 50
92 50
49 50
18 50
54 50
83 50
79 50
60 50
48 50
13 50
8 50
44 50
35 50
76 50
68 50
32 50
62 50
1 50
28 50
26 50
22 50
0 50
6 50
5 50
63 50
42 50
88 50
29 50
90 50
