5
96
95
84
81
66
100
38 99
73 99
78 80
62 72
4 72
67 72
11 72
33 72
69 72
38 59
57 47
62 83
12 83
74 70
62 70
38 70
20 27
68 53
22 53
82 52
18 52
58 91
13 37
25 24
33 50
90 73
88 60
18 60
11 16
58 49
34 49
88 82
51 82
88 68
85 68
31 69
46 58
30 7
88 31
76 31
89 39
90 39
3 71
17 46
89 46
87 30
19 8
85 13
64 13
51 75
88 19
4 19
51 94
38 3
88 29
56 63
40 63
20 12
90 64
57 64
77 24
14 11
17 10
67 51
61 7
36 98
36 42
97 99
72 80
44 99
23 97
43 75
23 75
23 60
23 52
44 37
44 20
43 69
43 79
90 85
5 98
9 7
28 18
86 62
28 62
9 29
26 99
35 53
2 30
15 30
26 47
15 56
54 13
35 99
9 92
9 5
54 93
26 55
86 32
34 98
