5
91
90
89
88
87
100
91 92
83 92
1 92
77 92
0 92
73 92
66 92
34 92
56 92
60 92
46 92
71 92
70 92
18 92
28 92
36 92
26 92
11 92
37 92
41 92
12 92
51 92
74 92
49 92
55 92
81 92
2 92
6 92
32 92
89 92
87 92
80 92
14 92
25 92
38 92
35 92
22 92
69 92
10 92
44 92
75 92
90 92
7 92
47 92
48 92
40 92
61 92
43 92
62 92
5 92
52 92
84 92
23 92
21 92
82 92
58 92
9 92
17 92
57 92
65 92
13 92
72 92
78 92
85 92
33 92
39 92
20 92
4 92
50 92
30 92
45 92
3 92
64 92
88 92
76 92
63 92
42 92
15 92
27 92
8 92
19 92
67 92
16 92
53 92
86 92
59 92
54 92
29 92
79 92
68 92
31 92
22 24
43 24
10 24
90 24
83 24
49 24
86 24
63 24
19 24
