5
81
28
37
17
77
100
0 88
88 97
0 75
22 97
0 9
4 97
0 50
27 97
29 97
0 22
73 97
62 97
66 97
55 97
32 97
0 60
0 53
0 27
86 97
96 97
20 97
0 70
85 97
31 79
30 97
80 97
11 97
0 66
0 7
68 97
24 97
40 97
53 97
8 97
0 86
46 97
0 48
0 79
19 97
0 74
0 95
35 97
0 78
36 97
2 97
21 97
0 33
0 19
0 23
6 97
95 97
31 97
0 51
83 97
0 46
0 73
0 41
0 2
39 97
64 97
1 97
0 12
7 97
0 68
50 97
0 67
0 3
89 97
0 62
91 97
0 49
0 59
12 97
41 97
0 29
0 54
49 97
34 97
0 44
0 13
33 97
52 97
0 97
76 97
0 87
0 56
0 76
16 97
0 18
0 8
26 97
69 97
60 97
57 97
0 71
58 97
67 97
0 32
38 97
0 94
