5
97
78
31
55
92
100
40 99
2 99
49 99
16 35
93 35
87 35
68 73
62 73
0 48
22 48
1 68
45 68
88 68
59 34
5 34
80 38
16 38
23 38
90 38
96 38
49 7
57 7
62 9
88 91
67 91
46 91
25 91
0 4
40 4
3 4
42 4
16 4
59 89
10 89
40 89
14 89
62 89
95 23
88 23
83 23
32 94
5 94
76 94
2 41
53 41
43 20
30 20
40 20
74 20
44 20
14 98
74 98
81 98
54 25
8 25
71 58
90 58
32 58
13 58
87 58
12 42
49 42
14 90
64 90
76 90
77 6
72 6
11 6
24 44
13 44
37 44
57 96
43 27
80 27
61 27
5 40
30 18
61 34
62 53
51 62
51 58
51 25
65 22
95 0
56 34
8 67
60 22
60 58
60 42
95 67
66 67
86 41
86 23
14 0
85 0
17 68
17 72
3 82
17 94
32 0
