5
96
92
87
63
38
100
27 99
40 99
34 99
41 99
26 99
90 99
39 99
52 99
29 99
16 99
10 99
59 99
19 99
76 99
63 99
95 99
88 99
62 99
92 99
25 99
96 99
33 99
97 99
35 99
69 99
57 99
18 99
54 99
5 99
60 99
78 99
31 99
22 99
77 99
11 99
9 99
72 99
4 99
32 99
8 99
44 99
87 99
51 99
82 99
24 99
98 99
71 99
85 99
89 99
12 99
93 99
67 99
1 99
53 66
21 66
85 66
84 66
13 66
31 66
71 66
72 66
3 66
28 66
24 66
22 66
70 66
89 66
68 66
90 66
15 66
96 66
52 66
47 66
49 66
55 66
67 66
37 66
63 66
45 66
44 66
43 66
97 66
38 66
41 66
9 66
20 66
95 66
5 66
46 66
23 66
73 66
10 66
19 66
75 66
36 39
52 39
70 39
63 39
57 39
58 39
