5
52
23
17
92
38
88
6 99
11 99
62 99
4 60
85 60
24 60
45 78
83 78
55 78
10 96
33 96
48 96
73 25
57 18
48 18
85 18
65 18
7 48
98 48
6 19
62 21
86 62
94 57
91 81
51 81
58 46
45 46
63 46
50 30
63 30
49 42
7 5
98 5
71 39
82 90
51 50
82 75
83 43
69 51
49 80
6 7
28 61
66 12
94 12
6 49
69 4
66 82
6 16
10 55
84 65
2 65
6 2
20 85
67 10
6 97
11 33
57 57
32 0
32 71
74 74
88 7
88 62
36 18
9 84
84 2
41 68
70 58
1 34
53 91
44 4
1 89
72 5
35 91
8 75
8 89
53 39
70 4
70 64
3 78
40 36
26 56
53 45
26 37
26 27
40 13
8 20
3 61
91 47
