5
93
65
34
7
79
100
0 25
62 99
0 81
81 99
0 2
53 99
0 27
27 99
0 50
47 99
0 83
52 99
0 38
0 64
61 99
55 99
57 99
59 99
0 97
0 26
0 31
0 60
10 99
14 99
0 92
0 70
0 21
90 99
31 99
75 99
0 35
0 87
78 99
45 99
42 99
38 99
0 32
0 90
0 52
0 86
0 99
35 99
39 99
0 69
0 61
73 99
18 99
92 99
33 99
0 23
0 54
21 99
0 19
54 99
0 24
20 99
0 14
80 99
97 99
64 99
0 71
40 99
0 59
0 84
0 91
0 88
0 25
16 99
24 99
0 20
0 72
2 99
0 77
53 99
0 4
89 99
0 57
0 22
70 99
0 47
5 99
26 99
87 99
96 99
28 99
0 17
0 58
74 99
0 98
0 37
0 3
0 33
0 30
91 99
0 67
0 49
0 39
41 99
32 99
0 12
