5
85
65
46
36
49
100
40 99
87 99
85 99
98 99
59 99
83 99
81 88
97 88
55 88
42 88
7 88
48 88
63 88
71 3
9 3
70 3
48 3
29 3
38 3
98 3
41 55
13 55
56 55
97 55
79 55
10 55
44 55
82 55
38 55
8 55
70 63
0 63
28 63
44 63
41 63
91 63
89 63
34 63
75 63
17 63
6 63
11 63
98 86
91 86
72 86
59 86
19 86
59 81
62 81
94 96
4 96
31 96
29 96
73 69
57 69
36 69
84 69
59 69
85 69
48 69
33 77
41 77
80 77
67 77
51 77
54 77
16 77
7 82
73 82
89 82
64 82
78 82
19 82
9 82
41 82
10 51
62 51
17 51
4 51
58 51
46 51
2 51
85 51
19 51
12 51
98 51
13 25
28 25
27 25
12 25
39 25
93 25
32 94
4 94
24 94
89 94
79 94
33 94
75 94
52 78
