5
33
90
45
65
83
100
71 99
17 99
44 99
4 99
21 99
76 99
80 99
30 99
64 99
6 99
51 99
79 99
34 99
42 99
43 23
57 23
68 23
61 23
81 23
79 23
28 23
85 23
0 23
93 23
34 23
27 23
16 23
34 5
4 5
53 5
16 5
15 5
19 5
35 5
79 5
81 5
2 38
88 38
11 38
17 38
72 38
98 38
82 38
84 38
74 38
31 38
93 38
44 38
86 38
53 38
92 76
39 76
37 76
67 76
57 3
24 3
52 3
37 3
75 3
60 3
51 3
32 3
49 3
96 3
70 3
79 3
42 3
25 3
13 3
28 3
9 3
46 3
53 3
26 69
77 69
39 69
15 78
2 78
88 78
35 78
82 78
75 78
0 80
12 80
61 80
43 80
57 80
25 80
47 80
24 80
66 80
73 80
27 80
80 97
62 0
26 44
14 0
71 44
84 56
0 22
