5
53
38
39
36
35
100
54 60
59 60
56 58
57 58
56 57
49 55
44 49
51 54
47 50
47 43
47 42
37 42
46 42
32 40
46 40
46 52
48 52
27 30
28 30
12 30
13 30
18 30
29 30
29 26
27 26
25 26
22 26
24 26
23 26
1 28
2 28
27 28
29 28
24 28
21 25
22 25
27 25
23 25
24 25
2 29
3 29
1 27
23 27
20 24
21 24
23 24
18 22
19 22
20 22
21 22
19 23
20 23
18 21
19 21
17 20
19 20
16 20
14 18
15 18
17 18
16 18
15 19
14 16
15 16
12 16
10 13
9 13
11 13
12 13
14 13
14 15
17 15
11 15
10 12
8 12
9 12
11 12
10 14
0 4
0 5
17 14
17 21
6 0
17 13
19 16
3 6
8 0
7 0
5 1
5 2
7 3
5 3
1 4
1 29
2 4
3 0
6 2
7 4
33 32
8 4
