5
41
62
56
63
21
100
29 79
62 79
69 79
21 79
47 79
55 79
60 36
19 36
73 36
9 34
43 55
17 55
10 55
45 32
63 32
48 32
77 32
5 32
13 32
29 32
70 32
43 75
15 75
6 75
27 45
30 45
58 45
48 45
0 45
20 45
8 45
57 47
62 47
64 5
42 5
1 5
24 5
76 5
53 5
56 66
17 42
29 42
8 42
43 42
56 54
48 1
19 1
29 1
64 1
4 13
11 13
48 29
10 29
44 29
21 58
62 58
59 58
48 58
63 58
78 58
7 58
3 53
2 53
16 53
63 53
3 18
9 18
10 18
35 18
68 18
65 64
28 64
21 59
44 59
63 59
43 59
7 59
16 59
77 59
19 67
16 67
25 67
52 67
62 67
22 67
9 67
60 67
2 33
19 33
20 22
71 22
37 22
17 22
24 10
71 10
6 10
43 61
12 28
44 28
3 20
