5
32
83
17
66
76
100
14 99
55 99
49 99
75 99
44 99
11 99
35 99
4 99
7 99
86 99
94 99
93 99
77 99
80 99
9 99
70 99
87 99
42 99
92 99
88 99
64 99
74 99
78 99
31 99
60 99
38 99
59 99
10 99
67 99
45 99
30 99
37 99
12 99
69 97
40 97
57 97
53 97
59 97
18 97
9 97
91 97
10 97
44 97
39 97
58 97
1 97
75 97
0 97
81 97
89 97
78 97
47 97
55 97
48 97
25 97
36 97
60 97
88 97
72 97
56 97
64 97
33 97
51 97
46 97
93 97
50 97
88 35
84 35
16 35
5 35
7 35
21 35
58 35
27 35
38 35
72 35
90 35
67 35
45 35
39 35
60 35
73 35
29 35
25 35
94 35
34 35
4 35
49 35
95 35
80 35
38 15
50 0
60 0
26 15
45 15
11 63
14 0
60 47
25 89
26 0
