5
79
52
59
20
86
90
94 99
50 99
38 99
53 25
11 68
23 1
66 7
4 7
63 33
26 4
84 44
62 81
19 67
23 62
27 62
97 54
82 48
65 48
84 75
45 75
8 11
93 11
76 50
42 43
46 6
98 84
30 84
18 9
38 9
88 23
53 34
19 42
63 42
17 42
46 58
37 17
66 21
83 21
15 37
3 37
65 37
82 37
56 37
63 37
0 3
5 3
77 3
66 83
88 93
70 56
90 53
97 30
61 30
16 45
15 8
15 61
18 18
60 60
98 98
85 25
98 0
78 98
10 81
68 72
28 19
91 10
28 27
28 97
49 47
95 89
95 74
87 75
39 93
40 51
87 56
29 69
49 76
96 42
87 72
92 53
13 65
91 23
96 94
35 6
29 26
87 9
69 98
35 8
29 0
28 14
