3
45
58
19
99
65 32
65 4
65 51
65 17
17 96
65 95
65 71
65 11
65 59
65 46
65 55
65 29
65 80
65 13
65 26
65 2
7 89
5 96
7 48
7 56
7 79
7 18
7 53
75 16
65 37
7 95
7 50
65 54
95 99
0 4
0 3
0 2
97 99
98 99
1 89
1 67
1 95
1 86
1 50
1 93
1 7
1 70
1 53
1 75
1 40
1 61
1 27
49 96
81 98
81 50
81 61
81 25
81 51
81 74
81 29
81 22
81 89
81 15
81 54
81 97
81 75
81 72
81 35
81 63
81 44
81 91
81 85
81 92
81 31
50 96
12 72
97 96
12 10
12 53
12 92
12 95
12 34
12 71
12 94
12 48
12 87
12 73
12 59
12 31
64 96
98 96
54 96
88 96
67 96
76 96
65 90
65 94
65 24
65 47
65 97
65 54
65 44
65 76
65 92
