5
20
19
17
16
15
100
51 53
50 53
49 53
48 52
47 52
45 52
44 46
42 46
41 46
43 46
49 46
50 46
48 51
47 51
44 45
43 45
41 45
42 45
50 45
48 49
44 47
41 47
42 47
43 47
44 48
42 48
41 48
39 43
40 43
38 43
33 37
36 37
34 37
35 37
44 37
42 37
38 41
39 41
33 40
36 40
34 40
35 40
44 40
39 42
36 38
33 38
34 38
35 38
33 39
34 39
36 39
32 35
31 35
29 35
27 30
25 30
28 30
26 30
34 30
33 30
32 36
31 36
27 29
25 29
26 29
28 29
33 29
32 34
27 31
25 31
26 31
28 31
27 32
25 32
26 32
22 28
23 28
24 28
18 21
27 21
25 21
22 26
23 26
18 24
27 24
22 25
18 23
14 9
12 14
14 10
8 11
11 6
13 18
7 11
5 11
12 13
10 13
8 9
1 0
0 4
