5
46
67
60
3
90
100
22 99
7 38
54 38
41 82
86 82
24 82
1 82
62 64
81 64
56 64
43 64
89 64
87 68
6 68
32 65
17 65
51 65
57 65
84 65
91 65
87 78
5 55
11 55
13 56
19 56
48 36
58 36
32 36
2 36
37 36
85 73
25 75
34 2
7 2
41 2
51 4
80 4
8 4
22 4
40 4
61 4
57 17
28 91
16 91
86 58
22 45
72 45
84 45
1 87
69 87
39 11
85 11
5 40
93 40
50 40
14 40
77 40
51 96
57 96
95 0
76 17
92 0
48 0
8 21
29 36
29 2
29 38
79 32
71 86
37 21
19 32
26 2
26 4
26 33
26 84
23 64
47 87
66 50
50 34
7 32
57 15
23 72
23 17
23 81
26 45
25 45
15 54
33 96
10 82
83 58
12 36
88 2
72 37
98 80
93 89
52 2
88 86
88 65
34 63
20 76
