5
67
76
45
32
30
100
41 93
58 93
7 93
33 93
90 93
47 93
48 93
70 93
89 93
78 93
4 93
42 93
20 93
3 93
6 93
5 93
29 93
53 93
68 93
39 43
7 43
82 43
70 43
88 43
25 43
27 43
66 43
74 43
81 43
68 43
58 43
30 43
79 43
55 43
62 43
18 43
4 43
77 43
51 43
28 59
66 59
37 59
62 59
25 59
53 59
81 59
70 59
5 59
57 59
51 59
80 59
67 59
63 59
75 59
56 59
8 59
4 59
38 59
91 59
82 59
15 59
47 59
35 59
21 59
74 59
39 59
33 59
45 59
62 52
74 52
18 52
57 52
37 52
44 52
86 52
16 52
29 52
26 52
79 52
51 52
39 52
60 52
15 52
55 14
71 14
37 14
29 14
88 14
75 14
5 14
62 14
47 14
11 14
2 14
92 14
64 14
54 14
26 14
48 14
61 14
