5
63
79
51
49
29
100
17 99
76 99
34 99
56 99
31 99
78 99
38 99
27 1
10 1
72 1
58 1
12 56
17 56
74 56
21 56
13 46
22 46
76 46
21 46
66 36
92 36
33 36
74 36
33 21
5 21
88 21
86 21
52 21
95 54
71 54
25 74
66 74
13 74
24 74
19 64
71 64
60 14
57 14
37 14
7 14
76 77
17 77
69 77
47 91
9 91
70 91
22 19
6 19
65 19
86 19
52 98
18 98
72 98
22 93
90 25
82 25
67 25
96 5
58 5
78 5
67 5
24 43
40 43
95 43
34 43
18 43
80 7
44 7
86 7
58 7
23 7
90 7
20 92
72 92
34 92
82 47
73 47
57 47
84 47
66 47
22 38
86 38
31 54
89 38
0 12
38 78
81 43
81 99
11 0
61 0
13 0
2 36
2 25
38 60
55 77
96 28
33 85
73 11
86 59
94 0
