5
39
70
68
41
76
100
74 99
56 99
96 99
59 99
64 99
48 99
7 99
58 99
52 99
60 99
73 21
83 21
76 21
66 21
25 21
78 21
4 21
69 21
50 21
46 21
36 21
28 21
82 21
38 21
55 17
63 17
67 17
22 17
91 17
14 17
4 17
85 17
5 17
90 17
40 17
50 17
64 17
47 17
53 17
23 17
46 17
96 17
84 17
10 17
26 17
52 17
84 92
33 92
57 92
3 92
88 92
36 92
79 92
7 92
96 92
95 92
13 92
53 92
0 92
67 92
72 92
24 92
5 92
97 1
95 1
8 1
78 1
56 1
71 1
13 1
77 1
42 1
6 1
97 30
85 30
24 30
49 30
41 30
54 30
87 30
74 30
28 30
47 30
16 30
2 30
51 30
48 30
77 9
37 9
8 9
46 9
56 9
22 9
87 9
26 9
66 9
61 9
72 9
24 9
74 38
