5
78
77
75
44
82
100
19 93
27 93
32 93
39 93
11 93
53 93
43 93
80 93
17 93
86 93
46 93
37 93
55 93
36 93
13 93
9 93
65 93
88 93
45 93
6 93
54 93
20 93
18 93
25 12
92 12
74 12
27 12
20 12
91 12
24 12
54 12
34 12
17 12
14 12
60 12
8 12
65 12
62 12
27 66
92 66
6 66
67 66
43 66
62 66
20 66
39 66
23 66
38 66
36 66
83 66
70 66
53 66
50 66
91 66
31 66
89 66
60 66
80 66
69 57
86 57
61 57
2 57
31 57
63 57
4 57
16 57
56 57
42 57
8 57
3 57
15 57
17 57
92 57
83 57
0 57
13 57
67 57
28 57
50 57
11 57
60 57
74 57
34 57
23 79
85 79
56 79
38 79
7 79
91 79
36 79
55 79
32 79
58 0
79 54
19 60
89 38
21 45
5 74
80 14
89 43
