0
98
0 81
0 14
0 83
12 98
52 98
74 98
0 31
0 13
0 60
0 71
76 98
48 98
3 98
34 98
46 98
89 98
86 98
66 98
18 98
30 98
79 98
20 98
77 98
88 98
2 98
97 98
23 98
56 98
42 98
70 98
32 98
0 87
0 36
61 98
0 22
0 78
45 98
0 21
0 26
0 23
0 16
40 98
15 98
67 98
0 15
0 70
92 98
38 98
91 98
37 98
8 98
43 98
68 98
0 35
0 90
0 5
0 64
53 98
0 46
0 79
0 40
72 98
5 98
96 98
0 27
0 48
24 98
0 45
0 61
1 98
7 98
25 98
59 98
57 98
0 82
0 98
0 56
74 98
93 98
82 98
69 98
0 29
0 69
78 98
28 98
0 37
0 94
0 84
0 68
0 62
49 98
55 98
41 98
80 98
0 11
0 49
0 81
33 98
