5
74
11
1
2
28
100
0 71
26 95
0 56
0 26
0 19
19 95
0 13
64 95
0 79
0 5
0 70
0 48
0 63
0 4
0 77
0 75
0 17
0 44
0 45
0 30
0 66
0 55
0 84
0 10
0 22
0 27
9 95
84 95
91 95
67 95
0 61
0 83
0 72
70 95
27 95
12 95
44 95
80 95
10 95
0 58
53 95
0 46
0 21
72 95
0 47
88 95
0 95
0 67
5 95
25 95
56 95
0 53
0 57
0 51
22 95
0 25
82 95
0 86
45 95
0 90
66 95
93 95
14 95
17 95
81 95
0 69
0 78
0 82
52 95
0 88
40 95
0 24
0 94
0 39
0 7
71 95
0 80
48 95
49 95
86 95
18 95
0 9
0 6
0 42
83 95
16 95
85 95
7 95
0 15
0 18
0 14
63 95
0 12
37 95
94 95
21 95
33 0
65 0
14 87
50 83
