5
98
97
89
12
6
100
67 99
87 99
74 99
78 99
72 51
50 51
86 51
9 53
31 64
27 64
43 64
65 64
27 28
68 29
78 29
92 29
69 29
65 29
9 30
60 30
18 31
67 66
61 66
77 27
48 25
74 24
20 24
2 23
38 23
22 23
59 60
43 44
55 45
1 46
47 46
68 46
69 59
56 57
75 67
83 20
95 20
84 20
15 20
21 20
18 19
74 92
91 92
87 94
3 95
33 91
87 21
40 22
14 15
75 16
5 16
17 16
86 50
73 50
47 48
81 48
38 14
33 38
39 38
39 40
17 40
77 78
7 8
82 83
3 0
61 43
78 8
61 57
61 60
87 82
10 18
39 1
36 42
36 50
37 38
37 23
85 82
85 1
85 31
32 31
33 55
13 87
70 49
63 62
70 69
54 55
9 56
71 2
79 80
70 94
13 66
63 64
70 23
13 14
70 16
4 56
