5
94
92
84
80
61
94
1 99
0 99
4 99
97 99
0 98
96 98
19 96
94 96
25 95
94 95
20 93
92 93
45 93
90 91
89 91
92 91
89 87
35 87
84 86
88 86
84 85
83 85
36 38
75 38
13 38
36 37
56 39
42 41
19 43
42 44
46 44
49 47
48 47
50 48
50 49
53 51
54 52
54 53
69 71
73 71
70 71
74 72
74 73
76 75
77 75
50 76
78 76
78 77
80 79
82 81
80 81
7 82
80 82
9 56
55 56
19 18
17 18
20 18
14 16
15 16
19 17
14 15
12 13
11 13
6 12
11 12
9 10
11 10
8 10
68 70
33 70
67 69
66 68
65 67
64 66
63 65
62 63
61 63
25 59
60 58
23 24
22 24
26 24
27 25
27 26
29 28
35 28
30 29
31 29
23 21
2 1
0 1
2 3
5 3
