5
49
48
47
46
45
100
32 50
33 50
20 50
45 50
43 50
19 50
6 50
29 50
21 50
38 50
46 50
17 50
25 50
48 50
0 50
36 50
37 50
18 50
28 50
39 50
8 50
27 50
47 50
4 50
12 50
24 50
13 50
41 50
30 50
9 50
5 50
31 50
44 50
22 50
49 50
34 50
3 50
15 50
11 50
26 50
14 50
16 50
2 50
10 50
23 50
40 50
1 50
35 50
42 50
24 7
33 7
13 7
23 7
21 7
6 7
22 7
46 7
40 7
15 7
37 7
45 7
31 7
20 7
14 7
29 7
49 7
48 7
36 7
18 7
9 7
25 7
39 7
43 7
12 7
8 7
3 7
35 7
27 7
4 7
41 7
30 7
32 7
28 7
1 7
11 7
16 7
44 7
38 7
26 7
2 7
5 7
0 7
10 7
17 7
19 7
42 7
47 7
30 34
19 34
47 34
