5
56
39
84
58
42
100
59 99
92 99
86 99
21 99
53 99
66 99
12 99
46 99
29 99
30 99
83 99
77 99
75 99
81 99
96 99
60 52
19 52
65 52
81 52
9 52
38 22
24 22
10 22
29 22
20 22
97 22
23 22
19 22
36 22
57 22
79 22
35 22
69 22
16 81
98 81
40 81
43 81
69 81
44 81
89 81
29 81
14 81
79 81
62 81
23 81
13 9
37 9
40 9
66 9
17 9
91 9
34 9
74 9
33 9
60 9
80 9
31 1
85 1
91 1
28 1
17 1
69 1
71 1
3 1
12 1
61 1
64 1
10 1
93 1
66 1
78 1
83 1
30 1
55 1
33 1
61 96
17 96
44 96
11 96
23 96
48 96
49 96
89 96
29 96
93 96
28 96
3 96
7 96
61 83
16 83
14 83
94 83
26 83
4 0
47 76
95 0
19 0
75 37
16 15
0 88
