5
16
15
72
60
43
100
70 90
69 90
87 90
28 90
54 90
65 90
34 90
81 90
61 90
30 90
58 90
71 90
12 90
35 90
6 90
38 90
74 90
8 90
49 90
46 90
67 90
21 90
22 90
76 90
89 90
80 90
4 90
9 90
7 90
0 90
1 90
48 90
79 90
32 90
86 90
64 90
62 90
11 90
50 90
52 90
27 90
45 90
3 90
18 90
14 90
23 90
10 90
2 90
42 90
77 90
5 90
39 90
40 90
56 90
31 90
51 90
19 90
41 90
68 90
82 90
88 90
73 90
78 90
25 90
13 90
36 90
28 85
64 85
63 85
50 85
4 85
55 85
30 85
27 85
71 85
52 85
49 85
46 85
10 85
88 85
24 85
22 85
54 85
79 85
17 85
25 85
12 85
70 85
57 85
6 85
87 85
39 85
58 76
32 17
85 77
56 39
58 49
36 17
31 8
58 78
