5
91
90
97
53
60
83
78 98
79 98
94 95
92 93
77 85
78 85
88 89
81 86
82 86
83 88
83 82
80 82
66 80
67 75
66 75
70 76
68 76
67 76
77 76
73 77
73 79
63 74
72 73
45 54
55 54
56 54
55 56
40 45
39 45
51 45
51 61
72 61
71 70
69 70
35 48
44 48
49 48
43 48
42 47
46 47
58 47
58 69
58 68
65 68
64 67
31 34
31 35
36 35
36 50
52 50
36 40
37 40
37 39
29 37
24 36
23 28
24 28
31 28
0 11
22 11
23 11
14 12
14 13
16 15
17 15
23 16
24 17
25 17
10 22
2 30
2 9
2 7
3 6
0 1
26 30
32 30
42 41
33 30
26 10
33 34
20 19
21 20
32 42
