5
50
52
81
71
60
100
23 84
25 84
71 84
43 84
83 84
31 84
11 84
48 84
17 84
15 84
1 84
61 84
60 84
21 84
36 84
75 84
20 84
64 84
68 84
24 84
80 84
33 84
63 84
76 84
50 84
13 84
56 84
3 84
79 84
55 84
72 84
28 84
54 84
27 84
22 84
6 84
69 84
44 84
19 84
78 84
41 84
51 65
33 65
40 65
4 65
3 65
12 65
18 65
71 65
52 65
31 65
43 65
60 65
64 65
59 65
6 65
80 65
1 65
13 65
37 65
47 65
14 65
39 65
58 65
26 65
46 65
56 65
72 65
68 65
61 65
9 65
78 65
15 65
16 65
5 65
70 65
24 65
23 65
81 65
2 65
74 65
66 55
27 55
1 55
64 55
75 55
68 55
14 55
30 55
71 55
38 55
61 55
13 55
26 55
18 55
16 55
51 55
50 55
2 55
62 55
