5
8
30
17
41
35
100
45 99
46 99
17 99
15 99
44 99
67 99
80 99
62 60
22 60
52 60
10 60
86 60
88 60
79 60
25 60
66 60
38 60
97 60
30 60
82 60
87 60
51 85
30 85
39 85
81 85
5 85
31 85
36 85
53 66
32 66
56 66
3 66
19 66
50 66
68 66
83 66
57 66
61 66
90 66
80 66
93 48
76 48
13 48
91 48
96 48
38 48
17 48
14 48
32 48
84 48
21 20
14 20
55 20
51 20
81 20
95 20
64 20
12 20
45 20
46 58
90 58
70 58
69 58
38 58
91 58
6 58
25 58
92 58
8 58
67 10
51 10
9 10
3 10
79 10
46 10
78 10
69 10
61 10
19 10
87 74
78 74
38 74
15 74
56 74
0 74
25 74
88 74
5 74
14 74
46 80
27 80
93 80
6 80
2 80
5 80
59 80
70 80
3 86
45 86
97 86
