5
13
27
9
69
8
100
55 99
22 99
95 99
34 99
71 99
90 99
7 99
84 99
20 99
87 99
40 99
15 99
33 99
51 99
16 99
57 99
3 99
19 99
18 99
67 99
60 99
74 99
17 99
32 99
21 99
94 99
76 99
63 99
77 99
24 99
80 99
49 99
48 99
14 99
56 99
98 99
81 99
64 99
36 99
39 99
78 99
5 99
79 99
6 99
37 99
43 99
25 99
45 99
50 99
28 99
72 99
1 99
46 99
86 99
54 99
23 99
30 99
47 99
4 99
89 99
52 99
92 99
65 99
82 99
96 99
97 99
26 99
76 85
91 85
51 85
46 85
49 85
61 85
52 85
65 85
84 85
1 85
93 85
48 85
73 85
81 85
19 85
83 85
92 85
77 85
18 85
39 85
22 85
88 85
56 85
33 85
63 85
47 85
1 67
79 20
91 79
76 26
34 73
4 80
0 43
