5
92
20
59
7
53
100
0 87
0 81
0 16
0 73
0 50
0 91
0 38
0 29
0 68
0 47
0 22
0 35
0 48
0 86
0 30
0 42
0 85
0 43
0 5
0 69
0 72
0 13
0 33
0 1
90 95
0 17
0 14
0 82
66 95
89 95
0 60
0 41
62 95
37 95
68 95
19 95
0 94
45 95
65 95
0 95
61 95
0 45
0 6
35 95
0 66
0 10
64 95
0 36
0 11
0 64
1 95
33 95
29 95
75 95
94 95
0 34
0 78
67 95
38 95
17 95
0 51
2 95
56 95
34 95
41 95
0 24
48 95
79 95
0 89
52 95
0 74
85 95
0 19
0 49
0 58
60 95
0 88
91 95
15 95
93 95
0 18
12 95
0 21
47 95
0 75
11 95
22 95
46 95
0 46
10 95
0 4
0 71
0 37
0 27
21 95
72 95
22 8
82 49
37 77
28 95
