4
44
42
12
1
100
50 53
49 52
51 52
47 50
49 50
48 50
49 51
47 48
45 48
46 48
46 49
44 47
46 47
44 45
42 45
43 45
44 46
44 43
41 43
42 43
37 40
38 40
42 40
41 40
38 39
36 39
37 39
42 39
36 38
35 38
34 37
35 37
34 36
35 36
30 33
31 33
35 33
32 33
31 34
32 34
29 32
30 32
30 31
29 31
27 28
25 28
26 28
29 28
27 30
26 29
24 27
25 27
24 26
23 26
24 25
22 25
21 23
22 23
20 23
21 24
21 22
19 22
21 20
17 20
18 20
16 19
18 19
17 19
15 18
17 18
14 16
13 16
15 16
14 17
12 15
14 15
12 13
11 13
10 13
12 14
8 11
12 11
10 11
7 9
8 9
6 9
12 9
7 10
6 8
5 8
5 7
6 7
2 4
3 4
6 4
1 4
2 5
3 5
0 3
1 3
