5
52
77
76
43
96
100
3 99
16 99
32 99
17 99
21 99
23 8
19 8
62 8
59 8
6 8
70 8
4 8
49 8
54 8
88 8
18 8
15 8
67 8
73 8
9 8
64 8
78 8
5 8
43 8
81 8
22 8
76 8
56 8
24 8
10 8
7 8
16 8
3 8
2 8
83 8
60 8
42 8
34 8
47 8
12 89
73 89
1 89
61 89
15 22
18 22
56 22
45 22
0 22
27 22
16 22
69 22
86 22
3 22
33 22
32 22
96 22
25 22
58 22
56 34
54 34
18 34
13 34
42 34
6 34
43 34
23 34
39 34
65 34
76 34
48 34
33 47
3 47
7 47
3 16
29 16
38 16
81 16
15 16
35 16
4 16
68 16
20 16
32 16
6 16
7 16
4 50
27 50
77 50
71 50
96 50
1 50
23 50
31 50
74 50
6 53
21 53
57 53
26 53
10 53
15 3
