1
87
97
23 99
30 99
0 23
0 26
0 99
14 99
0 36
58 99
0 18
22 99
4 99
0 4
39 99
19 99
0 6
0 54
44 99
0 56
0 50
0 44
97 99
0 84
0 12
0 76
78 99
5 99
0 62
0 22
69 99
81 99
33 99
71 99
0 83
0 81
0 75
41 99
94 99
0 17
0 27
0 90
9 99
0 69
34 99
38 99
75 99
0 82
0 65
49 99
0 63
53 99
0 7
0 28
73 99
0 32
51 99
35 99
85 99
54 99
0 60
84 99
0 89
0 5
86 99
0 19
0 79
70 99
0 88
0 53
88 99
59 99
0 42
66 99
0 58
37 99
0 91
42 99
0 14
76 99
61 99
0 92
43 99
0 96
0 11
28 99
27 99
0 78
0 57
0 9
2 99
0 3
0 10
95 99
96 99
0 49
12 99
18 99
0 98
