5
92
29
33
24
76
100
65 99
4 99
67 99
43 99
18 99
6 99
57 99
83 99
8 99
56 12
84 12
66 12
31 12
40 12
7 12
88 12
44 12
60 12
13 96
74 96
59 96
86 96
7 96
14 96
11 96
75 8
51 8
13 8
72 8
78 8
56 8
55 8
41 8
87 93
1 93
95 93
23 93
15 93
37 93
83 93
60 93
68 2
94 2
26 2
47 2
18 2
20 2
30 42
73 42
5 42
15 42
56 42
81 42
43 42
3 42
41 59
22 59
54 59
61 59
70 59
50 59
86 59
98 13
16 13
10 13
97 13
21 13
50 13
56 13
73 70
97 70
64 70
23 70
28 45
41 45
44 45
79 45
17 45
49 45
81 45
82 45
31 86
69 86
3 86
41 86
74 86
44 86
17 22
34 22
54 22
44 22
39 22
10 22
71 43
15 43
77 0
32 1
0 67
84 85
44 43
