5
17
74
42
28
79
100
47 95
83 95
81 95
24 95
39 95
14 95
32 95
23 95
45 95
64 95
54 95
6 95
90 95
3 95
38 95
41 95
16 95
20 95
40 95
63 95
50 33
1 33
89 33
35 33
92 33
51 33
2 33
55 33
90 33
37 33
41 33
5 33
40 33
11 33
19 33
34 33
58 33
85 33
45 33
81 33
87 30
13 30
43 30
89 30
64 30
27 30
75 30
2 30
85 30
24 30
39 30
38 30
7 30
34 30
48 30
10 30
61 30
81 30
65 30
0 30
23 30
46 30
65 71
29 71
25 71
43 71
69 71
14 71
87 71
16 71
34 71
11 71
91 71
51 71
88 71
73 71
38 71
1 71
40 71
80 71
54 71
45 71
59 27
10 27
8 27
75 27
82 27
26 27
53 27
48 27
63 27
46 27
27 61
0 62
11 0
36 0
57 54
14 54
75 40
49 0
