5
94
93
92
91
90
100
18 95
70 95
34 95
71 95
62 95
89 95
66 95
56 95
83 95
1 95
40 95
33 95
10 95
5 95
28 95
31 95
11 95
59 95
7 95
6 95
23 95
55 95
35 95
72 95
44 95
17 95
13 95
60 95
61 95
41 95
90 95
84 95
0 95
91 95
26 95
32 95
51 95
78 95
75 95
8 95
63 95
21 95
85 95
82 95
93 95
58 95
80 95
20 95
48 95
86 95
79 95
77 95
53 95
92 95
30 95
87 95
37 95
52 95
38 95
24 95
12 95
19 95
22 95
45 95
94 95
25 95
15 95
65 95
4 95
29 95
88 95
69 95
64 95
42 95
57 95
9 95
73 95
47 95
2 95
27 95
68 95
76 95
74 95
14 95
39 95
49 95
16 95
54 95
43 95
3 95
46 95
67 95
81 95
50 95
16 36
75 36
28 36
31 36
80 36
60 36
