5
44
40
19
63
38
100
0 56
31 92
0 78
78 92
0 24
47 92
0 59
0 90
2 92
43 92
82 92
0 7
12 92
69 92
13 26
4 92
0 51
0 62
0 72
72 92
0 66
0 81
0 86
0 1
0 76
0 54
0 20
0 32
0 41
89 92
0 4
0 2
0 58
29 92
0 23
51 92
68 92
0 89
0 71
0 92
42 92
0 26
81 92
0 68
0 6
76 92
6 92
0 9
0 73
60 92
0 60
0 18
11 92
0 67
3 92
61 92
23 92
41 92
90 92
36 92
0 43
0 57
79 92
0 42
0 29
0 14
57 92
24 92
13 92
0 75
30 92
26 92
0 80
0 3
0 50
17 92
0 31
62 92
0 79
0 52
84 92
0 35
21 92
66 92
88 92
0 33
39 92
5 92
74 92
15 92
0 82
64 92
0 77
0 83
0 28
0 11
71 92
0 45
0 37
65 92
