2
8
73
94
10 12
1 98
2 4
12 99
49 51
31 33
30 32
36 38
34 35
66 68
18 19
16 17
50 52
57 58
69 71
67 68
21 23
21 22
23 25
29 31
34 36
14 16
41 43
18 20
64 66
61 63
64 65
38 40
5 7
3 4
39 40
41 42
45 47
0 1
2 3
11 13
14 15
54 56
76 78
79 81
79 80
87 89
84 86
88 90
80 81
91 93
92 94
93 95
85 87
82 83
91 92
97 99
96 98
95 97
82 84
60 62
48 50
48 49
32 33
15 17
22 24
83 85
9 11
29 30
55 56
77 78
69 70
94 96
5 6
65 67
86 88
89 90
46 47
19 20
12 13
27 28
35 37
37 39
70 72
63 62
75 77
74 76
53 55
53 54
51 52
44 45
26 24
44 46
59 58
43 42
26 25
59 57
26 27
60 61
