5
92
91
90
89
88
100
76 93
30 93
50 93
37 93
34 93
13 93
44 93
29 93
83 93
47 93
55 93
8 93
54 93
67 93
80 93
61 93
6 93
2 93
11 93
15 93
5 93
40 93
36 93
77 93
84 93
39 93
73 93
81 93
60 93
71 93
35 93
85 93
1 93
43 93
78 93
3 93
53 93
75 93
12 93
33 93
48 93
58 93
69 93
17 93
18 93
38 93
46 93
57 93
49 93
70 93
27 93
19 93
52 93
14 93
72 93
62 93
10 93
23 93
41 93
0 93
7 93
82 93
64 93
86 93
56 93
68 93
87 93
65 93
26 93
59 93
32 93
79 93
63 93
25 93
51 93
21 93
9 93
4 93
28 93
42 93
66 93
20 93
31 93
45 93
16 93
24 93
22 93
79 74
15 74
58 74
60 74
23 74
35 0
48 0
2 53
47 43
46 25
81 54
59 7
0 41
