5
23
83
9
75
93
100
50 99
48 99
4 99
8 99
51 99
26 99
2 99
20 99
84 68
27 68
35 68
70 68
91 68
67 68
71 68
38 68
53 68
14 68
17 68
58 68
65 68
34 68
97 47
17 47
66 47
57 47
44 47
67 47
69 47
32 11
48 11
37 11
71 11
94 11
90 11
45 11
3 57
86 57
45 57
84 57
6 57
35 57
55 57
53 57
13 57
79 57
0 54
22 54
38 54
34 54
55 54
88 54
53 54
45 54
16 54
0 96
98 96
28 96
26 96
18 96
50 96
15 46
81 46
36 46
22 46
88 46
1 46
30 46
65 98
78 98
13 98
48 98
15 98
17 98
39 53
36 53
74 53
48 53
22 53
1 53
50 53
44 53
69 53
27 53
82 53
48 91
90 91
82 91
31 91
3 91
94 91
13 28
77 28
2 28
86 28
97 28
31 0
52 28
88 28
0 37
