5
40
95
22
43
75
100
0 71
90 1
1 99
0 6
58 99
45 99
0 50
47 99
0 48
70 99
0 32
0 63
0 96
0 37
87 99
0 76
0 39
0 2
0 88
0 65
0 51
0 46
0 66
0 97
0 83
0 42
0 81
0 64
0 62
0 85
0 10
0 5
69 99
0 7
48 99
78 99
0 18
0 1
0 89
0 19
0 31
12 99
0 94
11 99
91 99
35 99
72 99
0 58
24 99
0 23
96 99
0 60
93 99
0 67
0 17
0 55
33 99
27 99
73 99
52 99
85 99
0 27
0 92
36 99
0 11
66 99
0 38
0 52
0 45
77 99
30 99
0 82
0 4
7 99
90 99
0 15
0 69
0 74
29 99
41 99
79 99
0 54
0 57
2 99
6 99
60 99
0 13
67 99
37 99
0 26
57 99
92 99
0 86
0 36
94 99
13 99
0 91
50 99
5 99
82 99
