5
57
70
61
8
34
100
65 79
24 79
34 79
4 79
14 79
28 79
47 79
54 79
13 79
78 79
7 79
41 79
8 79
33 79
62 79
66 79
27 79
30 79
51 79
63 79
11 79
71 79
37 79
64 52
37 52
78 52
46 52
59 52
26 52
47 52
16 52
65 52
60 52
41 52
13 52
4 52
3 52
25 52
29 52
73 52
23 52
5 1
21 1
72 1
42 1
13 1
18 1
56 1
4 1
36 1
53 1
58 1
0 1
15 1
30 1
65 1
51 1
26 1
19 1
67 1
40 1
22 1
55 1
59 1
2 7
34 7
46 7
68 7
54 7
5 7
13 7
18 7
69 7
74 7
47 7
44 7
37 7
20 7
11 7
19 7
67 7
75 7
50 36
51 36
71 36
56 36
69 36
55 36
0 36
67 36
75 36
11 36
39 36
78 36
53 36
37 66
30 66
2 66
63 66
11 66
