5
87
86
66
47
94
90
22 99
29 99
57 99
59 99
46 85
98 53
12 89
81 89
4 89
12 57
13 33
92 33
30 40
13 40
18 40
54 1
6 1
41 74
26 74
18 29
30 17
52 17
46 17
68 16
18 16
68 38
43 38
70 4
39 4
18 77
54 96
97 96
54 80
41 18
11 18
63 59
24 12
34 46
95 23
27 93
20 49
8 49
97 49
64 22
35 37
64 84
28 84
75 84
31 84
35 98
30 68
91 2
50 2
69 20
52 20
64 55
71 30
26 75
48 61
27 34
90 78
28 35
58 71
79 52
27 48
69 48
69 7
69 60
0 42
58 25
58 69
64 26
82 7
45 15
10 99
65 78
45 1
5 25
10 73
19 42
82 13
65 58
5 76
44 58
10 59
65 48
45 28
10 49
36 39
88 96
