5
21
53
98
11
10
100
24 99
80 99
81 99
83 99
15 99
59 99
91 99
5 99
79 99
35 99
4 99
52 99
14 99
45 99
16 99
2 99
18 99
56 99
30 99
40 99
85 99
94 99
64 99
90 99
76 99
92 99
28 99
96 99
6 99
43 99
73 99
41 99
68 99
39 99
97 99
20 99
7 99
49 99
19 99
27 99
75 99
72 99
67 99
13 99
93 99
34 99
94 36
49 36
48 36
57 36
3 36
60 36
44 36
37 36
30 36
27 36
51 36
29 36
76 36
32 36
45 36
83 36
43 36
6 36
95 36
69 36
41 36
71 36
68 36
78 36
1 36
23 36
74 36
28 36
34 36
97 36
4 36
82 36
47 36
15 36
56 36
39 36
24 36
33 36
5 36
20 36
62 36
84 36
72 36
19 36
3 61
45 61
49 61
89 87
67 48
24 23
29 1
44 64
46 67
61 42
