4
52
9
57
40
90
0 25
49 16
13 46
49 43
0 33
7 11
4 67
64 7
2 56
11 67
34 14
2 5
56 6
49 37
2 7
58 14
0 44
25 7
10 67
15 33
0 64
16 62
38 3
0 15
62 34
46 69
4 25
5 3
2 36
5 68
4 64
68 3
62 58
6 7
2 15
56 45
34 33
6 29
10 5
30 16
45 16
15 16
7 46
13 37
51 68
42 0
42 7
51 58
60 30
1 2
17 45
23 20
17 28
24 69
39 3
21 34
35 3
19 15
39 14
12 6
47 2
1 45
28 2
24 16
54 21
63 6
1 34
39 2
19 38
27 10
18 6
1 41
31 43
54 6
1 14
24 5
19 20
47 15
47 53
1 4
8 3
32 67
27 44
17 4
12 0
22 17
39 10
66 61
8 59
64 58
