5
39
76
87
13
29
100
18 94
51 94
73 94
49 94
93 94
4 94
59 94
62 94
8 94
6 94
32 94
34 94
84 94
47 94
12 11
91 11
84 11
16 11
80 11
28 11
59 11
63 11
34 11
90 11
64 11
74 11
83 11
67 11
43 11
68 11
10 11
14 11
80 89
60 89
78 89
70 89
12 89
27 89
44 89
71 89
82 89
40 89
64 89
52 89
34 89
88 89
36 89
86 89
0 89
38 89
93 89
41 89
90 89
26 89
0 43
88 43
77 43
69 43
2 43
46 43
14 43
44 43
24 43
54 43
7 43
73 43
55 43
59 43
40 43
20 43
64 43
22 43
61 43
6 43
42 43
0 38
54 38
18 0
84 0
0 46
73 0
77 0
32 0
0 16
0 19
33 38
20 38
86 0
15 0
28 0
1 0
71 0
0 23
82 0
0 80
73 79
53 28
17 46
28 84
51 38
