5
63
41
38
16
98
100
93 99
80 99
49 99
21 99
11 99
66 99
54 99
88 99
48 99
55 99
67 99
32 99
36 99
8 99
89 99
70 99
13 99
15 99
74 99
82 64
34 64
53 64
21 64
70 64
0 64
60 64
22 64
55 64
76 64
20 64
12 64
48 64
33 64
10 64
52 64
55 39
60 39
80 39
23 39
28 39
72 39
88 39
82 39
76 39
20 39
15 39
52 39
12 39
75 39
10 57
54 57
28 57
0 57
48 57
44 57
21 57
14 57
13 57
70 57
5 57
67 57
90 57
85 57
96 87
26 87
85 87
2 87
83 87
47 87
50 87
84 87
94 87
31 79
12 79
65 79
97 79
37 79
5 79
61 79
89 79
17 79
33 79
20 79
34 79
32 79
36 79
52 45
62 45
94 45
47 45
78 45
14 45
29 45
43 0
91 45
77 45
53 45
10 0
19 4
14 50
