5
75
73
50
83
58
100
54 98
0 98
3 98
36 98
22 98
57 98
25 98
42 98
66 98
61 98
9 98
37 98
23 98
41 98
5 98
24 98
60 98
17 98
21 98
22 62
67 62
54 62
85 62
24 62
15 62
21 62
26 62
86 62
91 62
81 62
77 62
90 62
42 62
68 62
71 62
95 62
51 62
97 62
78 62
96 62
23 62
12 62
5 62
65 62
85 60
22 60
53 60
92 60
34 60
25 60
9 60
81 60
79 60
0 60
65 60
42 60
37 60
94 60
10 60
41 60
69 60
51 60
90 60
87 60
15 60
14 60
80 60
4 60
88 60
96 60
14 95
31 95
48 95
5 95
13 95
57 95
24 95
41 95
22 95
63 95
4 95
69 95
37 95
42 95
2 95
0 95
23 95
15 95
26 95
10 9
42 0
54 0
17 9
59 10
21 9
23 64
72 35
31 71
23 31
9 64
