5
98
96
93
91
90
100
94 99
92 99
95 99
88 97
89 97
94 97
95 97
84 92
83 92
85 92
87 92
86 92
89 92
95 92
88 92
88 94
89 94
95 94
87 94
86 94
84 85
83 85
89 85
86 85
81 85
78 85
77 85
76 85
87 85
82 85
88 85
80 85
71 79
81 79
75 79
73 79
72 79
74 79
78 79
84 79
87 79
88 79
77 79
70 79
83 79
86 79
76 79
82 79
72 80
77 80
75 80
84 80
86 80
76 80
71 80
87 80
81 80
89 80
74 80
78 80
73 80
82 80
83 80
87 88
89 88
83 88
84 88
86 88
81 88
82 88
53 60
89 95
30 38
44 37
63 54
19 25
84 87
86 95
83 87
78 87
82 87
86 87
51 59
64 56
89 83
81 87
81 89
54 62
62 53
24 16
84 89
67 76
59 52
26 32
17 25
7 10
47 46
5 14
68 69
82 86
