5
98
97
96
95
94
100
21 99
80 99
29 99
49 99
64 99
5 99
2 99
3 99
67 99
34 99
17 99
9 99
10 99
0 99
14 99
41 99
72 99
58 99
32 99
60 99
13 99
78 99
56 99
46 99
15 99
76 99
30 99
11 99
68 99
62 99
1 99
42 99
8 99
82 99
44 99
31 99
35 99
65 99
66 99
12 99
74 99
69 99
91 99
45 99
85 99
92 99
57 99
7 99
88 99
75 99
61 99
47 99
33 99
87 99
59 99
40 99
79 99
81 99
70 99
26 99
16 99
43 99
51 99
63 99
68 52
78 52
37 52
58 52
57 52
2 52
40 52
51 52
5 52
76 52
64 52
13 52
53 52
38 52
80 52
63 52
9 52
33 52
36 52
91 52
27 52
83 52
30 52
34 52
39 52
86 0
10 52
52 12
54 4
69 52
51 30
85 15
83 8
53 61
36 29
7 0
