5
11
6
4
3
92
100
63 99
50 99
52 99
78 99
28 73
62 73
72 73
58 10
56 10
46 10
98 86
8 86
78 86
58 86
23 75
69 75
33 75
94 75
32 24
93 24
17 24
1 77
52 77
39 77
58 77
64 5
91 56
32 56
3 62
19 62
16 62
3 20
83 20
95 15
40 15
67 15
47 15
40 28
90 28
50 55
95 55
42 55
54 55
88 90
61 90
51 90
18 34
22 52
31 52
43 52
29 68
60 39
26 39
76 17
92 17
18 17
38 17
81 17
0 46
7 46
92 42
76 87
80 87
85 87
6 25
27 25
79 18
94 16
35 16
69 16
12 98
19 98
50 98
97 45
8 45
93 45
40 44
11 31
97 12
97 88
50 88
96 88
70 7
64 32
22 32
26 32
23 93
30 71
66 94
38 60
92 97
22 97
11 97
41 97
9 97
84 37
11 8
38 96
95 40
21 95
