5
74
35
76
71
95
100
0 39
75 99
0 66
0 38
43 99
44 99
0 5
0 98
0 30
0 42
0 2
0 48
34 99
0 55
0 46
0 59
0 53
0 32
0 58
0 87
0 8
0 70
0 79
0 1
0 26
64 99
0 14
0 89
48 99
12 99
0 67
0 61
85 99
58 99
63 99
0 50
51 99
0 88
82 99
68 99
0 81
0 16
8 99
0 90
57 99
23 99
0 68
14 99
90 99
0 85
0 93
29 99
0 20
0 24
83 99
0 36
0 65
60 99
0 25
0 34
0 92
49 99
0 94
50 99
1 99
0 19
0 51
81 99
16 99
89 99
0 40
0 78
0 99
33 99
92 99
0 54
53 99
0 12
87 99
0 29
0 18
0 64
77 99
0 91
0 44
46 99
0 3
0 28
59 99
0 84
0 73
0 82
0 10
9 99
61 99
0 60
72 99
0 27
0 79
0 41
