5
89
88
86
85
84
100
43 90
28 90
59 90
51 90
23 90
60 90
3 90
75 90
2 90
11 90
39 90
14 90
64 90
52 90
36 90
27 90
78 90
50 90
24 90
82 90
33 90
80 90
10 90
9 90
26 90
18 90
34 90
1 90
48 90
5 90
20 90
4 90
63 90
68 90
70 90
25 90
0 90
62 90
61 90
16 90
72 90
35 90
6 90
69 90
74 90
79 90
47 90
37 90
12 90
30 90
54 90
57 90
65 90
46 90
81 90
40 90
15 90
44 90
55 90
45 90
66 90
13 90
77 90
67 90
22 90
17 90
73 90
53 90
58 90
29 90
7 90
32 90
38 90
31 90
76 90
56 90
49 90
42 90
19 90
71 90
21 90
41 90
83 90
8 90
7 87
32 87
65 87
63 87
77 87
0 87
60 87
45 87
36 87
46 87
48 87
43 87
47 46
87 12
15 64
36 26
