5
27
63
29
13
51
100
43 70
0 70
61 70
14 70
34 70
49 70
22 70
63 70
51 70
21 70
45 70
44 70
26 70
64 70
18 70
15 70
3 70
55 70
54 70
57 70
13 70
48 70
24 70
11 70
29 70
50 70
53 70
4 70
8 70
1 70
40 70
66 70
69 70
59 70
60 70
47 70
10 70
2 70
30 70
60 37
15 37
27 37
33 37
58 37
62 37
29 37
10 37
12 37
4 37
13 37
48 37
46 37
50 37
16 37
51 37
3 37
69 37
53 37
6 37
56 37
24 37
8 37
35 37
28 37
7 37
31 37
57 37
40 37
66 37
55 37
0 37
39 37
36 37
18 37
44 37
23 37
38 37
25 37
5 37
42 37
1 37
68 37
26 37
20 37
65 37
9 37
63 37
40 54
59 54
25 54
32 54
2 54
64 54
13 54
38 54
56 54
53 54
12 54
21 54
17 54
