5
74
56
55
77
73
100
17 97
3 97
19 97
11 97
55 97
92 97
64 97
68 97
81 97
12 97
30 97
52 97
79 97
49 97
63 97
80 97
5 97
83 97
70 97
84 97
14 97
39 97
47 97
16 97
10 97
71 97
56 97
53 97
42 48
63 48
44 48
33 48
57 48
32 48
37 48
78 48
73 48
79 48
19 48
25 48
3 48
51 48
56 48
87 48
93 48
17 48
13 48
66 38
90 38
44 38
0 38
87 38
49 38
34 38
69 38
55 38
86 38
59 38
31 38
60 38
79 38
10 38
65 38
95 38
3 38
46 38
17 38
50 38
82 38
51 38
66 40
9 40
76 40
80 40
47 40
21 40
96 40
85 40
61 40
17 40
70 40
69 40
73 40
34 40
86 40
59 40
60 40
26 40
74 40
28 40
95 40
87 40
71 40
27 40
11 67
47 67
7 67
43 67
30 67
54 67
