5
95
94
93
92
91
100
47 96
7 96
57 96
49 96
66 96
54 96
89 96
27 96
34 96
14 96
29 96
45 96
77 96
50 96
33 96
41 96
63 96
8 96
20 96
60 96
70 96
85 96
23 96
19 96
69 96
28 96
64 96
32 96
88 96
53 96
83 96
12 96
35 96
21 96
58 96
38 96
16 96
42 96
17 96
9 96
71 96
76 96
87 96
6 96
37 96
5 96
40 96
4 96
93 96
30 96
13 96
95 96
39 96
31 96
10 96
74 96
1 96
22 96
52 96
78 96
86 96
11 96
55 96
59 96
73 96
84 96
46 96
18 96
25 96
2 96
94 96
15 96
79 96
44 96
26 96
82 96
75 96
0 96
3 96
51 96
65 96
81 96
80 96
43 96
62 96
91 96
72 96
67 96
68 96
48 96
61 96
36 96
92 96
24 96
56 96
54 90
47 90
35 90
63 90
23 90
