5
96
95
94
93
92
100
61 97
60 97
50 97
52 97
49 97
85 97
69 97
68 97
77 97
76 97
51 97
83 97
91 97
70 97
53 97
87 97
90 97
55 97
79 97
58 97
56 97
84 97
86 97
75 97
72 97
54 97
74 97
80 97
66 97
71 97
73 97
78 97
63 97
67 97
62 97
65 97
57 97
64 97
59 97
89 97
88 97
82 97
37 81
46 81
3 81
10 81
27 81
8 81
13 81
21 81
36 81
26 81
1 81
33 81
40 81
23 81
30 81
24 81
35 81
41 81
31 81
22 81
29 81
17 81
14 81
34 81
25 81
45 81
16 81
15 81
5 81
39 81
6 81
28 81
38 81
44 81
2 81
19 81
18 81
43 81
4 81
42 81
20 81
47 81
11 81
7 81
32 81
9 81
26 0
21 0
24 0
12 53
48 81
0 12
74 12
41 51
27 89
0 11
61 26
1 0
