5
9
28
37
86
56
100
89 99
97 98
88 98
79 89
87 88
97 88
78 88
78 79
59 69
68 69
77 78
87 78
67 68
58 68
77 68
58 59
48 49
39 49
48 58
57 58
57 67
66 67
77 67
66 76
85 76
86 76
75 76
86 77
96 87
86 87
86 96
94 95
86 95
84 85
94 85
65 75
74 75
66 75
83 84
93 84
74 84
92 93
82 83
92 83
73 83
73 74
64 74
55 65
64 65
56 65
56 66
48 57
56 57
48 47
46 47
37 47
56 47
28 38
29 38
37 38
39 38
28 29
28 19
9 19
8 18
28 18
17 18
9 18
36 27
28 27
17 27
37 27
25 26
17 26
36 26
35 26
6 16
25 16
15 16
7 16
7 17
5 6
5 15
14 15
25 15
23 24
33 24
34 24
25 24
13 14
23 14
5 14
13 4
2 3
12 3
12 13
23 13
31 22
12 22
32 22
