5
55
4
56
12
8
100
0 34
34 74
0 26
70 74
0 37
37 74
0 41
29 74
0 72
64 74
0 70
0 49
0 5
27 74
18 74
52 74
0 71
0 67
0 25
0 59
39 74
0 45
0 14
47 16
63 74
0 20
0 32
0 40
28 74
0 7
15 74
0 69
0 38
43 74
73 74
0 11
46 74
66 74
44 74
71 74
0 46
0 48
58 74
54 74
0 58
0 60
0 1
48 74
33 74
0 6
17 74
38 74
42 74
11 74
0 61
0 62
0 21
23 74
32 74
30 74
0 51
0 36
40 74
0 73
31 74
0 64
25 74
0 35
0 53
59 74
57 74
0 33
0 10
3 74
0 74
1 74
10 74
35 74
0 17
0 24
24 74
0 23
0 44
20 74
67 74
0 15
0 13
0 29
21 74
2 74
60 74
0 54
45 74
0 28
69 74
0 43
0 68
36 74
0 18
51 74
