5
63
54
50
4
1
94
94 99
95 97
90 92
87 92
89 94
91 96
91 93
88 93
85 90
83 88
81 86
84 86
87 89
79 84
80 82
77 82
80 85
81 83
76 78
73 78
70 75
73 75
72 77
74 79
71 76
69 74
67 72
68 70
63 65
60 65
69 67
57 62
60 62
59 64
66 64
66 71
63 68
56 61
63 61
54 59
55 57
54 52
50 52
42 47
49 47
43 45
50 45
35 40
38 40
37 42
39 44
46 44
54 49
46 51
53 51
53 58
50 55
43 48
39 41
36 41
33 38
34 36
29 31
26 31
28 33
30 35
32 37
29 34
27 32
28 30
23 25
20 25
22 27
22 24
19 24
21 26
18 23
16 21
17 19
16 14
12 14
4 9
11 9
2 7
5 7
10 12
15 17
15 20
13 18
13 11
4 6
1 6
10 8
3 8
