5
69
33
27
50
56
94
0 14
0 39
0 73
55 68
35 34
55 70
35 65
57 72
34 36
32 5
66 5
10 5
21 73
8 19
15 71
37 49
43 49
55 8
70 54
15 20
66 28
24 58
5 73
3 58
55 35
37 51
0 55
28 29
10 51
0 15
67 3
58 73
41 42
26 51
46 7
37 10
23 57
0 32
70 43
67 44
60 13
3 73
58 68
66 11
61 62
7 73
31 20
21 20
53 63
68 73
41 67
47 10
53 11
31 1
66 26
19 42
31 2
24 59
24 28
29 20
63 13
57 13
71 73
24 23
21 62
20 73
41 5
14 54
70 1
4 59
14 17
10 62
70 8
52 1
52 67
19 62
53 8
11 9
2 1
46 62
53 49
64 9
46 13
3 49
30 59
30 6
48 15
58 57
47 17
35 62
21 28
11 40
37 8
22 16
