5
62
30
21
43
19
100
71 99
17 99
77 99
22 99
55 99
91 99
39 99
73 99
34 99
52 99
98 99
59 99
65 99
76 99
87 99
23 99
69 99
16 99
11 99
0 99
70 99
2 99
78 99
25 99
12 99
61 99
92 99
44 99
68 99
67 99
50 99
93 99
7 99
29 99
88 99
38 99
72 99
83 99
28 99
86 99
24 99
66 99
4 99
37 99
48 15
31 15
81 15
64 15
4 15
32 15
42 15
16 15
26 15
93 15
29 15
84 15
68 15
37 15
73 15
8 15
66 15
69 15
22 15
12 15
25 15
10 15
92 15
89 15
61 15
33 15
63 15
80 15
60 15
14 15
17 15
47 15
77 15
59 15
50 15
52 15
65 15
18 15
46 15
79 15
88 15
86 15
61 71
73 71
7 71
77 71
31 71
11 71
95 71
94 71
92 71
8 32
1 55
58 10
90 39
52 0
