5
79
47
76
95
94
100
7 99
64 99
46 89
60 89
75 89
20 51
56 74
36 66
19 39
8 33
6 33
85 57
70 57
28 57
12 57
12 82
56 82
98 82
55 84
26 84
44 91
85 46
72 46
36 46
15 58
80 32
6 29
53 30
4 30
1 2
88 2
10 49
96 49
44 49
28 13
53 13
5 13
40 42
35 44
10 6
1 4
14 4
5 12
34 12
80 75
85 80
1 63
98 72
87 72
17 73
50 34
92 77
22 1
0 1
5 1
50 87
11 17
36 8
22 50
0 22
14 55
36 50
37 0
19 6
22 81
92 46
18 81
18 22
14 92
81 7
21 15
21 63
53 40
21 29
98 50
19 18
45 15
45 86
70 55
48 89
3 20
48 29
48 41
93 46
93 56
67 97
3 0
48 88
31 65
27 35
31 22
3 92
54 25
31 45
62 33
24 93
62 63
67 42
93 69
23 5
