5
20
15
11
56
75
100
0 99
84 99
39 99
67 99
68 99
64 99
10 99
94 99
92 99
97 99
45 7
35 7
83 7
82 7
30 7
9 7
14 76
53 76
68 76
45 76
60 76
83 76
41 76
67 76
65 76
53 57
22 57
97 29
54 29
35 29
83 29
96 29
28 29
60 61
59 61
48 61
35 61
41 61
34 62
18 62
31 62
88 62
8 62
92 62
41 62
83 44
3 44
1 44
90 44
37 44
51 44
74 44
74 55
26 55
93 55
78 55
36 55
96 17
68 17
94 17
72 17
85 17
38 17
14 67
34 67
97 67
39 98
24 98
87 98
28 77
79 77
84 49
27 49
40 49
89 49
59 49
39 36
53 36
80 36
85 36
22 36
41 70
79 70
84 70
47 70
66 70
0 71
1 71
32 71
39 34
74 34
73 0
54 34
52 34
5 49
10 34
1 0
79 45
25 0
83 34
