5
78
91
87
73
55
100
5 99
20 99
13 99
94 99
33 99
65 99
39 99
23 99
80 1
37 1
8 1
79 1
53 1
71 1
51 1
29 1
66 1
48 1
44 54
83 54
74 54
4 54
43 54
94 54
14 54
33 54
84 56
90 56
50 56
32 56
57 56
6 56
63 56
0 56
29 56
8 56
59 53
12 53
5 53
92 53
35 53
86 53
34 53
57 53
25 45
13 45
22 45
93 45
38 45
69 45
74 45
68 45
41 45
29 45
49 45
98 45
37 81
71 81
72 81
22 81
89 81
26 51
19 51
20 51
70 51
88 24
61 24
22 24
68 24
72 24
13 24
58 24
79 24
6 24
14 24
44 24
97 24
89 24
2 24
37 75
12 75
69 75
25 75
5 75
82 75
13 75
64 75
44 75
43 75
30 0
44 0
2 0
48 75
67 70
96 74
72 37
7 39
25 50
88 68
26 0
