5
93
57
5
33
67
100
0 66
24 95
0 37
89 95
0 17
94 95
0 55
0 95
65 95
0 19
11 95
0 38
59 95
0 89
0 54
0 16
47 95
9 95
32 95
0 44
0 83
0 3
0 50
0 81
43 59
73 95
0 56
0 6
0 4
0 27
17 95
0 46
0 48
16 95
0 59
0 88
0 62
0 42
0 41
0 60
0 91
0 74
0 71
0 87
2 95
54 95
81 95
83 95
26 95
0 65
70 95
71 95
0 31
10 95
63 95
0 84
0 92
0 23
0 78
7 95
0 7
0 79
25 95
18 95
29 95
23 95
0 9
40 95
87 95
20 95
0 8
0 52
0 85
0 21
43 95
0 30
0 36
68 95
0 80
8 95
35 95
21 95
79 95
73 95
0 86
0 11
0 2
37 95
13 95
90 95
69 95
0 22
0 15
0 49
88 95
91 95
19 95
0 39
0 90
0 1
