5
45
35
49
56
57
94
0 59
0 26
19 38
22 55
32 17
29 36
40 17
22 4
47 6
15 20
38 59
40 10
40 54
58 42
22 47
51 26
29 10
0 22
20 59
30 10
21 52
25 32
17 36
19 32
19 58
8 43
52 59
1 33
8 7
23 1
44 23
50 53
29 58
37 7
23 41
28 7
36 10
44 54
58 33
5 33
31 13
23 54
30 27
21 42
23 16
48 43
55 16
40 2
43 10
33 20
38 27
41 27
3 7
8 15
52 28
37 24
31 28
13 28
41 24
37 16
17 1
39 15
22 18
23 15
8 51
47 16
58 15
52 34
50 21
40 8
51 12
33 13
5 13
32 34
12 15
30 17
13 16
2 23
58 23
41 5
47 5
58 17
55 2
52 36
21 17
22 41
46 41
47 54
0 25
50 22
55 58
14 46
4 52
11 22
