5
51
48
47
46
37
100
50 53
38 49
22 49
41 49
14 49
16 49
20 49
7 49
33 49
9 49
6 49
42 49
8 49
28 49
27 49
31 49
11 49
2 49
4 49
40 49
1 49
25 49
18 49
39 49
13 49
44 49
0 49
15 49
26 49
34 49
19 49
10 49
43 49
36 49
12 49
24 49
3 49
29 49
17 49
30 49
32 49
23 49
45 49
21 49
6 35
30 35
45 35
3 35
11 35
9 35
36 35
12 35
21 35
22 35
34 35
1 35
32 35
43 35
28 35
24 35
42 35
7 35
15 35
40 35
0 35
16 35
17 35
4 35
13 35
18 35
20 35
23 35
26 35
38 35
44 35
25 35
14 35
19 35
10 35
39 35
29 35
41 35
8 35
2 35
31 35
33 35
0 28
0 38
5 35
20 0
17 27
6 27
17 0
4 19
2 0
39 44
20 45
20 4
31 10
45 27
