5
96
95
94
93
92
100
62 97
26 97
37 97
60 97
91 97
79 97
68 97
4 97
1 97
76 97
94 97
44 97
17 97
50 97
56 97
54 97
10 97
81 97
72 97
35 97
2 97
80 97
53 97
20 97
95 97
30 97
32 97
82 97
15 97
66 97
58 97
93 97
67 97
25 97
27 97
57 97
78 97
64 97
0 97
5 97
42 97
11 97
16 97
31 97
86 97
70 97
12 97
13 97
41 97
96 97
87 97
9 97
39 97
59 97
38 97
73 97
77 97
24 97
63 97
22 97
48 97
6 97
14 97
46 97
36 97
88 97
51 97
92 97
49 97
3 97
19 97
7 97
8 97
28 97
40 97
33 97
47 97
90 97
89 97
74 97
83 97
84 97
71 97
85 97
34 97
23 97
52 97
69 97
61 97
43 97
29 97
45 97
75 97
18 97
65 97
21 97
32 55
1 55
15 55
74 55
