5
61
35
4
37
3
87
7 63
56 63
63 65
7 62
6 63
63 55
63 57
12 62
63 50
63 51
63 54
11 63
43 47
63 49
12 63
30 29
46 50
45 49
54 53
20 24
55 62
51 50
38 42
42 41
63 53
63 52
52 62
55 51
62 56
62 51
62 11
43 39
62 65
62 57
48 52
62 54
62 53
62 49
62 50
47 46
0 63
62 1
62 0
1 0
59 65
59 55
62 2
65 58
21 25
60 65
10 63
6 2
60 56
58 57
5 6
5 62
60 63
58 54
58 62
22 26
9 5
10 6
10 11
19 23
9 62
9 63
14 13
10 62
15 11
15 16
59 63
62 59
1 63
2 63
31 30
18 14
8 62
27 26
27 28
18 22
33 34
40 44
8 12
32 36
8 63
18 19
23 24
