5
60
80
63
24
32
99
43 99
87 99
20 99
49 99
66 99
6 99
46 99
97 99
88 99
42 99
70 99
16 99
28 99
69 92
70 92
83 92
98 92
78 92
48 92
87 92
6 92
85 92
34 92
26 92
9 92
88 92
2 92
16 92
84 92
65 21
29 21
54 21
58 21
40 21
4 21
41 21
20 21
37 21
94 21
50 83
66 83
10 83
54 83
77 83
41 83
56 83
86 83
76 83
67 83
35 83
22 83
70 83
98 83
25 83
28 14
4 14
65 14
74 14
77 14
8 14
39 14
89 14
25 14
35 14
79 14
93 14
64 14
54 14
26 14
81 14
27 14
44 6
66 6
38 6
2 6
62 6
75 6
70 6
1 6
89 6
18 6
51 6
95 6
57 36
78 36
84 36
16 36
4 36
91 36
88 36
48 36
9 0
0 35
59 54
59 26
78 11
90 67
17 40
0 50
