5
49
36
76
23
66
100
5 79
41 79
29 79
24 79
26 79
71 79
31 79
46 79
8 79
57 79
43 79
58 79
69 79
2 79
65 79
17 79
77 79
73 79
15 79
16 79
1 79
64 79
78 79
61 44
30 44
6 44
4 44
60 44
15 44
53 44
74 44
45 44
5 44
16 44
57 44
62 44
52 44
63 44
68 44
69 44
77 44
0 12
29 12
28 12
27 12
54 12
3 12
71 12
16 12
55 12
50 12
69 12
32 12
20 12
38 12
7 12
57 12
73 45
4 45
70 45
26 45
7 45
69 45
59 45
58 45
67 45
21 45
50 45
68 45
78 45
2 45
74 45
5 45
64 45
41 45
11 45
61 45
22 45
32 62
56 62
77 62
72 62
27 62
71 62
65 62
73 62
60 62
14 62
40 62
18 62
2 62
39 62
17 62
4 62
30 0
5 7
31 50
14 28
60 5
41 62
