5
58
39
96
42
29
100
45 99
89 99
0 99
57 99
80 99
76 99
8 99
59 99
58 99
44 99
87 99
56 99
15 99
73 99
62 99
12 99
38 99
41 99
48 99
20 99
81 99
69 99
6 99
7 99
42 99
67 99
78 99
4 99
13 99
65 99
96 99
17 99
40 99
84 99
3 99
31 99
54 99
49 99
10 99
35 99
72 99
30 99
82 99
47 99
33 99
2 99
83 99
46 99
21 99
29 99
94 99
37 99
53 99
36 99
68 99
74 99
28 99
55 99
63 99
5 99
61 99
75 99
14 99
43 99
79 99
64 99
9 99
88 99
91 99
1 99
90 99
71 99
92 99
16 99
32 99
39 99
18 99
58 86
79 86
11 86
2 86
6 86
52 86
21 86
66 86
72 86
51 86
5 86
16 86
49 86
43 86
39 86
90 86
32 86
61 86
42 86
85 86
80 86
27 86
70 86
