5
45
5
88
54
32
100
0 99
33 99
20 99
46 99
17 99
81 99
47 99
49 99
60 99
66 99
3 99
35 99
86 99
14 99
55 99
28 99
25 99
89 99
50 99
73 99
98 99
51 99
82 99
13 99
24 99
12 99
43 99
57 99
56 99
26 99
96 99
48 99
22 99
40 99
59 99
7 99
2 99
77 99
65 99
9 99
78 99
30 99
15 99
81 84
10 84
76 84
55 84
94 84
39 84
83 84
51 84
44 84
93 84
1 84
33 84
15 84
95 84
16 84
20 84
25 84
13 84
18 84
28 84
41 84
60 84
6 84
24 84
74 84
21 84
91 84
26 84
98 84
30 84
73 84
19 84
35 84
72 84
31 84
47 84
22 84
2 84
85 84
59 84
37 84
12 84
57 84
71 84
40 96
1 96
75 96
82 96
38 96
48 96
42 96
26 96
83 26
51 96
3 81
42 14
76 10
