1
41
95
0 99
45 47
12 14
7 9
73 75
22 24
64 66
62 64
1 3
56 57
30 32
59 61
94 96
94 93
27 29
74 76
13 14
71 72
60 62
28 29
30 31
8 10
77 79
4 5
75 76
45 46
19 21
20 22
9 11
18 20
12 13
24 26
6 8
3 5
93 95
88 90
32 34
2 4
26 28
87 89
77 78
63 65
86 88
36 38
68 70
85 87
82 84
85 86
72 74
71 73
91 92
56 58
59 60
15 17
18 19
50 52
23 25
0 2
95 97
37 38
69 70
48 50
47 49
25 27
83 84
78 80
21 23
10 11
65 67
66 68
61 63
15 16
46 48
54 55
57 58
42 44
43 44
39 40
67 69
16 17
6 7
49 51
31 33
35 37
90 92
35 36
89 91
34 33
53 54
53 55
51 52
81 82
98 97
81 83
80 79
