5
18
47
25
17
15
100
84 88
83 88
64 88
74 88
35 88
40 88
30 88
75 88
3 88
87 88
53 88
23 88
10 88
48 88
77 88
28 88
16 88
67 88
76 88
42 88
6 88
66 88
27 88
59 88
86 88
46 88
2 88
50 88
55 88
54 88
34 88
36 88
79 88
31 88
80 88
14 88
68 88
9 39
61 39
19 39
70 39
66 39
86 39
26 39
85 39
80 39
56 39
31 39
84 39
60 39
79 39
59 39
41 39
1 39
4 39
76 39
2 24
78 24
21 24
50 24
8 24
33 24
9 24
75 24
85 24
83 24
29 24
11 24
12 24
81 24
13 24
79 24
68 24
4 24
45 24
54 24
0 24
31 24
72 24
34 24
5 24
46 24
77 24
27 24
16 24
23 24
20 24
7 24
12 56
37 56
66 56
0 34
6 56
31 56
29 56
63 0
3 1
41 43
12 60
57 44
