5
25
57
11
10
53
100
56 59
44 59
8 59
4 59
33 59
49 59
5 59
9 59
40 59
41 59
26 59
52 59
37 59
28 59
16 59
48 59
55 59
13 59
6 59
45 59
30 59
2 59
0 59
7 59
42 59
34 59
15 59
39 59
36 59
23 59
29 59
17 59
38 59
43 59
31 59
51 59
32 59
35 59
22 59
54 59
27 59
12 59
19 59
47 59
18 59
14 59
3 59
50 59
21 59
24 59
46 1
37 1
49 1
5 1
20 1
2 1
36 1
27 1
13 1
23 1
26 1
40 1
43 1
24 1
21 1
58 1
47 1
30 1
52 1
19 1
31 1
22 1
33 1
28 1
50 1
54 1
29 1
18 1
44 1
34 1
41 1
56 1
4 1
32 1
9 1
38 1
17 1
14 1
7 1
8 1
45 1
55 1
44 16
58 14
42 17
38 42
22 33
33 15
31 34
1 42
