5
86
50
92
35
32
100
29 99
60 99
57 99
64 99
28 99
27 99
72 99
2 82
12 82
49 82
33 87
16 87
25 87
5 87
7 66
88 66
84 66
71 66
72 66
8 66
26 66
39 66
78 66
48 27
8 27
18 27
59 27
7 27
65 74
77 74
85 74
79 74
32 74
18 74
22 74
19 74
36 74
33 74
59 74
14 93
77 93
60 93
88 93
39 78
3 78
58 78
31 78
95 78
53 78
71 78
67 78
33 78
94 78
72 78
51 78
68 8
20 8
23 8
13 8
53 8
19 8
81 8
13 12
39 12
24 12
84 12
33 12
37 61
41 61
14 61
0 61
10 46
65 46
91 46
67 46
96 46
94 46
38 46
44 46
53 46
70 46
13 46
97 95
85 95
30 95
21 95
53 95
32 95
45 18
96 18
71 18
4 18
51 18
71 79
96 44
2 44
40 44
65 44
43 44
50 44
