5
20
33
42
55
47
100
29 59
13 59
27 59
31 59
12 59
13 5
40 5
6 25
11 25
50 25
48 25
36 35
16 35
37 44
40 44
36 44
12 44
43 44
11 44
58 44
34 11
3 11
15 11
10 14
36 14
57 14
3 14
45 14
41 21
30 21
29 21
43 21
56 21
40 21
56 9
3 46
10 46
56 46
8 2
26 2
50 2
32 57
43 57
37 28
27 28
43 28
31 28
15 7
19 41
3 56
17 56
53 56
27 58
40 58
19 58
27 53
12 53
32 53
49 53
51 36
49 36
34 36
32 36
12 31
15 31
22 29
37 29
6 29
37 16
34 18
48 18
34 10
6 26
4 26
19 26
13 26
32 40
32 48
0 34
3 34
32 34
49 31
49 50
24 23
0 3
27 0
51 56
32 0
52 10
52 12
12 24
52 14
52 22
52 25
56 41
1 53
23 45
49 37
17 32
13 45
