5
35
1
9
32
77
100
0 76
0 84
93 99
0 57
79 99
11 99
0 7
0 34
0 30
49 99
0 46
19 99
26 99
82 99
22 99
0 8
62 99
0 33
69 99
0 43
0 17
58 99
63 99
13 99
64 99
56 99
0 25
30 99
68 99
57 99
75 99
0 28
0 44
0 95
23 99
0 97
90 99
0 29
88 99
50 99
46 99
0 81
6 99
53 99
0 85
0 52
0 53
0 80
0 5
0 19
0 65
0 69
89 99
0 23
66 99
83 99
87 99
72 99
0 62
0 64
34 99
27 99
36 99
0 83
0 89
0 6
4 99
86 99
47 99
17 99
0 37
42 99
41 99
97 99
98 99
70 99
0 18
15 99
80 99
81 99
48 99
0 42
43 99
44 99
0 84
13 84
84 48
58 84
0 71
65 84
54 89
71 79
57 31
83 49
48 66
20 95
42 46
80 69
53 33
48 82
