5
63
41
50
13
88
100
0 89
4 89
42 89
66 89
65 89
2 56
78 56
35 56
67 56
4 38
31 38
87 38
48 38
57 38
53 38
75 38
77 38
20 38
9 46
10 85
31 85
0 85
69 85
11 85
71 85
36 85
1 85
33 85
77 85
60 55
71 55
4 55
16 55
2 55
78 55
1 51
19 51
60 51
42 51
26 51
54 51
19 59
1 59
76 87
23 87
3 87
24 87
36 87
43 87
25 8
67 8
48 8
81 8
73 8
16 8
5 8
77 74
86 74
48 74
10 74
36 74
82 74
72 74
34 74
23 74
4 74
23 58
72 58
62 58
20 58
78 58
84 58
1 68
60 68
35 68
42 68
31 68
18 68
5 68
22 68
82 68
28 27
15 27
71 27
0 27
69 27
53 27
83 27
19 27
17 27
60 27
52 27
16 27
27 64
84 27
15 20
33 20
20 62
80 0
19 60
