5
25
80
55
38
71
100
21 96
72 96
66 96
65 96
17 96
18 96
28 96
6 96
85 96
69 96
11 96
54 96
84 96
8 96
3 96
50 96
24 96
19 96
49 96
31 96
35 96
58 96
46 96
47 96
87 96
16 96
23 96
57 96
81 96
74 96
44 96
2 96
51 96
30 96
34 96
26 96
78 96
9 96
56 96
92 96
37 96
90 96
64 96
29 96
41 96
67 96
94 96
89 96
40 96
1 96
42 96
53 83
65 83
3 83
64 83
43 83
52 83
85 83
95 83
44 83
63 83
29 83
66 83
89 83
84 83
46 83
42 83
1 83
51 83
23 83
48 83
27 83
61 83
49 83
30 83
12 83
67 83
39 83
21 83
86 83
72 83
34 83
73 83
75 83
19 83
81 83
69 83
78 83
4 83
15 83
36 0
9 0
68 0
41 83
91 0
27 0
72 92
16 72
49 56
28 26
