5
72
73
96
41
63
97
79 99
84 99
22 99
72 95
35 95
32 77
67 77
20 2
28 2
91 13
94 13
42 90
53 90
23 43
5 43
55 11
65 11
25 68
63 68
27 56
81 56
72 74
94 74
61 86
34 86
70 26
78 26
63 60
66 60
36 64
76 64
65 33
8 33
97 67
4 47
93 47
15 18
6 18
57 4
92 16
84 16
19 36
62 32
28 83
73 83
9 23
21 81
39 34
79 38
72 38
73 66
0 45
42 45
75 78
63 7
31 7
44 29
82 29
12 5
17 89
14 89
93 6
21 59
3 59
73 61
96 49
98 31
96 76
17 91
48 30
96 30
46 40
87 70
54 55
94 27
41 8
85 82
54 20
1 25
41 87
69 57
0 51
54 51
39 62
53 14
3 19
46 58
80 58
22 1
92 50
88 24
75 24
65 69
9 10
71 10
71 80
17 12
