5
93
92
91
90
89
100
39 94
3 94
6 94
84 94
29 94
38 94
74 94
41 94
9 94
25 94
70 94
69 94
13 94
87 94
1 94
62 94
73 94
67 94
15 94
71 94
5 94
2 94
17 94
86 94
32 94
7 94
63 94
4 94
49 94
35 94
21 94
19 94
52 94
44 94
82 94
8 94
28 94
60 94
18 94
14 94
45 94
47 94
40 94
81 94
53 94
37 94
76 94
77 94
46 94
79 94
57 94
51 94
22 94
12 94
42 94
72 94
58 94
16 94
11 94
68 94
31 94
48 94
43 94
65 94
36 94
64 94
66 94
54 94
61 94
55 94
56 94
27 94
59 94
78 94
0 94
23 94
88 94
24 94
10 94
80 94
26 94
20 94
30 94
34 94
83 94
50 94
75 94
33 94
87 85
80 85
40 85
52 85
24 69
57 19
60 74
9 24
54 21
64 46
46 12
52 42
