5
63
14
21
60
70
92
0 16
5 52
0 99
95 33
79 51
87 38
62 38
73 38
37 38
35 81
0 74
33 99
5 89
5 26
18 17
66 23
98 99
0 5
79 35
31 81
79 65
48 53
31 52
0 79
72 38
38 99
8 2
57 53
97 37
61 83
61 94
31 20
33 20
11 32
24 32
23 99
8 96
87 54
29 37
12 28
23 59
61 46
16 72
66 87
59 37
24 81
4 7
17 72
69 73
81 72
12 88
22 74
53 99
12 3
66 8
97 96
7 74
11 65
90 34
61 90
18 5
12 71
42 3
18 71
95 24
66 31
66 86
0 48
98 34
4 71
57 47
69 2
79 93
61 82
37 99
78 47
61 97
94 2
94 26
69 41
0 61
56 29
33 6
0 66
12 8
44 9
68 87
98 1
78 29
0 95
23 87
39 28
