3
37
84
6
97
27 99
5 99
52 99
11 99
39 99
40 99
66 99
8 99
85 42
59 99
49 99
4 99
42 99
71 99
10 99
88 99
62 99
7 99
70 99
61 99
80 99
9 99
55 99
63 99
61 25
58 99
7 25
83 25
42 25
43 25
0 57
0 51
0 72
85 99
98 99
0 11
0 50
45 99
0 95
0 32
0 22
0 4
60 99
33 99
0 7
0 14
0 46
0 75
0 88
0 5
0 42
0 66
0 9
0 24
0 18
0 85
0 19
0 30
0 13
0 40
0 98
0 89
0 49
0 67
0 86
0 60
0 41
0 82
0 17
0 45
0 52
0 21
0 80
0 96
0 47
0 61
0 77
16 99
28 99
38 99
65 99
32 99
56 99
10 99
3 99
44 99
81 99
86 99
50 99
73 99
57 99
76 99
34 99
46 99
29 99
72 99
95 99
