5
98
96
95
91
90
96
44 99
90 99
51 99
39 38
27 33
1 39
34 39
65 39
95 40
21 40
89 40
34 40
82 44
43 44
69 44
8 37
45 48
6 29
19 29
3 29
26 29
24 29
25 29
28 29
81 27
42 9
12 9
58 9
20 5
10 5
4 5
25 5
16 12
73 12
2 30
22 30
32 31
7 8
11 8
21 8
78 8
68 78
80 81
2 3
1 3
91 3
84 3
96 3
7 10
22 10
18 74
84 63
54 88
20 17
6 17
22 17
16 17
24 17
66 67
22 14
18 15
86 13
4 11
57 73
66 68
70 42
46 42
20 42
52 34
77 55
1 4
2 4
75 4
97 22
41 22
58 22
24 23
32 23
72 23
25 23
6 7
82 18
0 2
1 2
41 2
61 62
24 62
60 62
24 53
87 65
57 71
80 24
98 87
76 54
0 76
0 1
