5
37
90
18
33
15
100
68 93
55 93
0 32
21 93
7 93
0 64
0 9
50 93
78 93
10 93
29 93
63 93
0 83
64 93
76 93
62 93
77 93
42 93
88 93
11 93
5 93
0 66
80 93
16 93
49 93
44 93
12 93
27 93
47 93
54 93
53 93
23 93
34 93
0 2
0 49
67 93
0 13
0 19
0 5
89 93
20 93
81 93
0 14
38 93
0 93
74 93
17 93
65 93
0 35
0 87
2 93
0 69
84 93
0 36
28 93
30 93
0 11
0 74
26 93
79 93
0 51
0 71
0 52
45 93
0 39
0 68
0 44
83 93
56 93
0 59
0 8
31 93
0 67
0 82
0 42
55 93
91 93
3 93
22 93
46 93
0 40
0 24
0 48
0 1
72 93
0 86
0 58
36 93
0 30
57 93
0 75
0 56
69 93
0 17
9 93
0 57
86 93
47 93
52 93
0 41
