5
53
27
9
29
63
100
64 79
67 79
28 79
15 79
13 79
5 79
8 79
48 79
58 79
44 79
2 79
10 79
0 59
60 59
19 59
25 59
40 59
8 59
74 59
72 59
29 59
20 59
2 59
50 59
9 42
20 42
10 42
7 42
67 42
21 42
6 42
75 42
65 42
4 42
18 66
35 66
58 66
9 66
33 66
23 66
44 66
57 66
45 66
28 66
49 66
55 66
2 74
34 74
63 74
50 74
78 74
14 74
36 74
71 74
7 74
55 74
6 74
5 74
35 74
40 69
2 69
43 69
8 69
14 69
37 69
77 69
57 69
15 69
27 69
23 69
49 69
25 33
2 33
22 33
29 33
46 33
68 33
12 33
15 33
31 33
1 33
67 33
61 33
63 33
44 33
77 33
78 33
44 8
76 8
50 8
1 8
46 8
45 8
38 8
71 8
14 8
27 8
62 8
22 8
49 8
