5
29
85
58
14
60
100
11 99
33 99
9 99
27 99
49 99
48 99
62 99
94 99
67 99
84 99
1 99
28 99
51 99
71 99
36 99
54 99
25 99
86 99
56 99
8 99
53 99
17 99
95 99
37 99
21 99
47 99
89 99
75 99
34 99
16 99
87 99
44 99
92 99
28 55
5 55
78 55
89 55
19 55
26 55
40 55
15 55
82 55
7 55
53 55
64 55
47 55
91 55
16 55
96 55
1 55
71 55
61 55
68 55
39 55
17 55
38 55
46 55
18 4
25 4
13 4
36 4
78 4
75 4
5 4
72 4
19 4
24 4
41 4
23 4
21 4
59 4
17 4
44 4
80 4
33 4
96 4
69 4
88 4
22 4
96 94
42 94
9 94
30 94
68 94
53 94
34 94
79 94
12 94
22 94
17 94
18 94
80 94
0 94
95 94
94 35
0 15
77 32
22 81
69 52
94 84
