5
25
93
19
12
54
100
69 99
7 99
84 99
49 57
57 99
77 99
15 99
16 99
52 99
42 99
43 99
45 99
86 99
0 72
97 99
33 99
30 99
41 99
61 99
65 99
91 99
31 99
9 99
44 99
2 99
17 99
20 99
36 35
11 99
97 63
0 99
24 99
90 99
0 23
14 99
81 99
0 15
0 44
34 99
0 60
0 75
62 99
0 98
32 99
0 79
22 99
0 55
37 99
67 99
0 33
46 99
0 35
0 20
0 29
70 99
66 99
0 6
1 99
0 42
0 83
0 96
73 99
47 99
58 99
0 17
79 99
0 82
0 67
88 99
72 99
38 99
89 99
0 51
0 48
0 24
0 74
49 99
0 87
75 99
3 99
39 99
64 99
71 99
0 37
83 99
40 99
0 94
0 22
0 36
0 2
0 53
23 99
13 99
0 92
0 70
0 45
59 99
4 99
80 99
0 76
