5
43
22
63
76
33
100
80 82
38 82
44 82
29 82
56 82
13 82
74 82
53 82
72 82
24 82
23 82
16 82
50 82
41 82
81 82
0 82
54 82
75 82
1 82
21 82
78 82
7 82
71 64
66 64
24 64
56 64
42 64
20 64
55 64
77 64
53 64
75 64
62 64
80 64
51 64
14 64
17 64
31 64
12 64
29 64
41 64
4 64
9 64
65 64
50 64
60 64
23 64
21 64
8 64
13 64
36 64
58 64
6 64
29 57
56 57
34 57
66 57
14 57
80 57
3 57
18 57
8 57
0 57
5 57
60 57
39 57
51 57
4 57
75 57
58 57
54 57
7 57
10 21
36 21
34 21
48 21
28 21
18 21
81 21
30 21
35 21
68 21
51 21
17 21
11 21
20 21
0 21
58 21
7 21
27 21
61 0
46 21
10 62
7 29
20 53
2 1
15 10
70 80
16 18
30 31
