5
88
55
71
91
43
100
65 99
26 99
36 99
7 99
87 99
9 99
30 99
15 99
93 66
52 66
85 66
0 66
13 66
19 66
29 66
35 61
83 61
16 61
24 61
72 61
46 61
13 61
41 48
31 48
92 48
97 48
54 48
85 48
16 48
90 48
47 48
44 48
74 48
67 48
75 69
90 69
13 69
28 69
20 69
59 69
97 69
50 69
57 69
95 81
40 81
14 81
45 81
44 81
84 81
98 81
19 81
29 23
36 23
6 23
11 23
40 23
31 23
24 1
37 1
62 1
4 1
85 1
32 1
47 1
70 1
22 1
84 1
92 1
10 1
21 76
83 76
5 76
73 76
41 76
14 76
59 76
54 76
53 46
74 46
68 46
87 46
67 46
22 46
54 46
60 46
63 46
59 46
34 46
65 46
31 62
57 62
30 62
65 62
32 62
14 0
42 0
68 0
5 0
17 7
0 11
