5
18
48
21
59
16
100
0 79
93 99
0 35
49 99
0 11
29 99
68 99
34 99
0 4
0 40
66 99
0 69
0 82
0 75
0 22
42 99
0 1
0 50
0 38
0 87
0 10
0 30
0 73
0 33
0 41
0 27
0 90
0 65
0 12
0 37
89 14
23 92
0 72
0 32
0 29
0 26
0 14
0 93
70 99
33 99
0 53
32 99
90 99
0 66
0 61
80 99
69 99
47 99
41 99
8 99
0 36
26 99
54 99
64 99
0 99
0 60
74 99
86 99
22 99
0 17
56 99
15 99
0 13
84 99
9 99
0 95
23 99
77 99
0 84
0 9
0 46
0 20
58 99
4 99
0 3
0 76
13 99
0 91
0 57
50 99
67 99
2 99
0 86
28 99
72 99
40 99
88 99
0 45
0 24
38 99
36 99
79 99
92 99
0 55
0 47
0 15
81 99
0 94
0 25
0 80
