5
63
85
8
65
41
100
25 93
84 93
2 93
57 93
77 93
42 93
26 93
55 93
90 93
62 93
21 93
81 93
69 93
82 93
54 93
43 93
8 93
22 93
4 93
76 93
23 93
52 93
11 93
86 93
14 93
70 93
41 93
92 93
39 93
59 93
28 93
66 93
14 19
55 19
49 19
22 19
24 19
16 19
83 19
6 19
73 19
85 19
25 19
84 19
70 19
63 19
41 19
76 19
17 19
80 19
92 19
66 19
67 19
8 19
5 19
46 19
13 19
39 19
3 19
38 19
29 19
45 19
72 19
33 19
15 19
28 19
81 19
24 27
68 27
40 27
73 27
7 27
79 27
44 27
80 27
74 27
51 27
15 27
62 27
9 27
3 27
75 27
82 27
70 27
11 27
20 27
12 27
18 27
47 27
41 27
69 27
32 27
81 27
58 4
0 4
26 4
74 4
87 4
70 4
81 4
