5
95
93
92
91
90
100
95 96
9 96
11 96
22 96
28 96
62 96
15 96
40 96
89 96
4 96
10 96
65 96
56 96
55 96
64 96
20 96
27 96
74 96
30 96
67 96
49 96
33 96
60 96
72 96
83 96
57 96
66 96
12 96
26 96
78 96
14 96
84 96
80 96
91 96
0 96
17 96
81 96
35 96
34 96
18 96
53 96
5 96
69 96
82 96
75 96
36 96
37 96
47 96
79 96
6 96
13 96
42 96
8 96
24 96
86 96
7 96
76 96
32 96
2 96
48 96
25 96
46 96
90 96
1 96
92 96
70 96
63 96
50 96
54 96
59 96
68 96
29 96
3 96
45 96
51 96
93 96
39 96
44 96
31 96
52 96
88 96
71 96
61 96
21 96
23 96
41 96
85 96
58 96
87 96
38 96
16 96
19 96
73 96
43 96
77 96
35 94
31 94
16 94
60 94
85 94
