5
81
70
63
37
27
100
49 95
16 95
83 95
82 95
30 95
31 95
59 95
84 95
36 95
76 95
73 95
74 95
92 95
44 95
1 95
71 95
20 95
0 95
56 95
77 95
78 95
89 95
35 95
54 95
8 95
46 95
52 95
51 95
32 95
93 95
17 95
23 95
27 95
5 95
75 95
66 95
22 95
80 95
10 95
25 95
69 95
6 95
24 95
50 95
3 95
87 95
47 95
57 95
65 95
58 95
55 95
45 95
91 95
88 95
79 95
9 95
72 95
60 95
34 95
81 95
7 95
48 95
40 95
64 95
19 95
85 95
70 95
68 95
39 95
94 95
26 95
13 95
86 95
28 95
90 95
63 95
11 95
15 95
38 95
42 95
67 95
41 95
18 95
62 95
2 95
43 95
4 95
61 95
33 95
12 95
89 29
47 29
88 29
11 29
94 29
83 29
91 29
49 29
1 29
62 29
