5
15
21
50
2
36
94
13 60
35 60
14 60
0 16
57 60
0 9
13 40
13 59
0 44
40 60
59 60
0 22
13 11
41 11
48 11
31 11
6 11
35 11
24 11
23 11
16 11
13 9
13 27
13 43
13 37
13 44
7 11
13 25
13 24
13 49
13 34
27 11
33 11
42 11
13 4
13 14
13 38
13 53
13 1
13 51
13 57
37 11
13 58
13 46
13 22
13 54
13 5
17 11
13 45
13 18
13 10
13 47
13 52
13 8
39 11
13 31
13 35
13 33
13 16
7 13
13 48
32 13
11 20
13 30
3 11
28 13
11 12
13 19
11 29
23 46
26 13
4 11
44 11
13 17
13 55
56 13
35 39
10 5
44 19
24 43
27 41
11 5
47 24
34 56
8 14
51 9
20 42
52 19
11 43
57 37
17 7
12 16
40 29
46 3
