5
97
96
95
47
73
100
46 98
44 98
47 98
48 98
43 98
34 45
38 45
26 45
8 45
42 45
28 45
30 45
22 45
14 45
58 45
88 45
48 45
78 45
64 45
84 45
18 45
26 68
7 68
33 68
38 68
15 14
6 14
5 14
10 14
1 14
30 14
25 14
18 14
40 14
51 14
43 14
37 14
31 14
65 14
93 14
56 14
90 14
81 14
28 87
2 87
16 87
26 87
9 40
34 40
59 40
46 40
29 40
39 40
19 40
7 40
79 40
89 40
69 40
32 40
5 40
37 40
84 40
44 40
64 40
17 40
94 40
23 40
67 40
57 40
47 40
97 40
27 40
6 77
12 77
18 77
46 77
13 34
38 34
63 34
88 34
5 34
20 34
10 34
25 34
16 34
70 34
11 34
95 34
27 34
61 34
41 34
66 34
2 91
18 91
44 91
26 91
4 10
44 10
16 10
33 10
