5
46
10
42
55
35
100
33 99
64 99
62 22
93 65
1 65
41 7
1 7
3 7
37 5
87 5
90 3
13 3
6 98
27 98
95 41
16 94
49 94
31 94
40 43
23 43
1 43
63 71
76 32
45 39
47 39
2 19
64 19
16 19
58 38
89 38
47 17
24 17
82 30
76 30
74 6
69 6
64 15
73 16
8 28
74 28
25 28
34 70
63 70
92 70
82 23
31 23
86 18
34 78
57 92
26 73
57 86
80 86
62 44
26 44
91 44
24 34
8 63
54 31
97 61
48 51
93 66
9 67
9 71
14 61
56 61
97 0
52 41
52 39
81 90
56 92
52 22
49 37
79 90
53 0
79 38
81 65
81 51
57 33
91 37
36 17
36 76
36 5
75 66
75 45
29 78
29 32
85 18
68 22
68 67
59 99
12 0
33 89
50 85
85 68
59 66
59 71
50 15
50 18
50 56
2 75
