5
98
82
91
28
23
100
70 99
2 99
75 99
0 99
76 99
10 99
63 99
79 99
54 41
10 41
62 41
76 41
70 41
52 41
8 41
22 41
59 43
8 43
27 43
89 43
19 43
93 43
78 43
55 43
42 43
49 79
47 79
80 79
69 79
37 79
92 79
10 79
71 79
62 79
74 79
75 40
29 40
33 40
51 40
57 40
73 40
3 40
94 40
88 40
67 40
8 47
75 47
45 47
16 47
88 47
15 47
3 47
6 47
85 47
5 47
73 47
42 47
21 47
72 47
38 55
57 55
26 55
74 55
46 55
20 55
33 55
7 55
2 55
34 55
60 55
93 55
50 55
35 21
37 21
20 21
75 21
4 21
11 21
61 21
66 21
78 21
95 21
8 21
72 21
78 31
65 31
27 31
10 31
54 31
75 31
45 31
64 31
34 31
59 31
81 77
0 49
29 0
96 0
66 0
0 8
