5
96
97
90
89
74
100
0 99
97 98
4 98
90 46
45 46
14 48
61 48
49 48
67 48
31 93
94 93
41 91
24 91
51 91
58 91
61 91
3 91
90 91
37 64
65 64
49 62
59 60
86 57
73 57
3 57
56 57
59 58
34 35
31 35
16 35
96 37
33 38
42 38
41 40
24 25
45 25
84 26
76 26
34 26
28 27
59 18
19 18
52 17
96 17
49 17
69 16
54 15
13 14
96 71
30 71
70 71
72 71
80 69
68 69
74 4
3 4
43 4
5 4
8 7
11 6
80 5
87 88
89 88
84 83
84 82
12 82
11 81
52 81
59 80
55 80
32 80
90 80
72 78
75 76
42 43
89 56
53 54
1 2
87 2
11 10
89 10
20 21
23 21
12 22
87 23
24 23
66 67
86 67
53 31
32 31
97 29
52 29
96 95
75 51
1 51
84 51
53 52
1 75
74 75
97 13
